Unity Editor version:    2021.3.13f1 (9e7d58001ecf)
Branch:                  2021.3/staging
Build type:              Release
Batch mode:              YES
System name:             Linux
Distro version:          #64~20.04.1-Ubuntu SMP Fri Jan 6 16:42:31 UTC 2023
Kernel version:          5.15.0-58-generic
Architecture:            x86_64
Available memory:        5785 MB
Using pre-set license
Pro License: YES

(Unity:5391): Gdk-CRITICAL **: 23:57:29.530: gdk_window_get_cursor: assertion 'GDK_IS_WINDOW (window)' failed
Desktop is 1366 x 768 @ 60 Hz
Initialize udev device monitor.

COMMAND LINE ARGUMENTS:
Unity
-adb2
-batchMode
-noUpm
-name
AssetImportWorker0
-projectPath
/home/danik/Desktop/Unity/wheel-of-fortune
-logFile
Logs/AssetImportWorker0.log
-srvPort
41141
Successfully changed project path to: /home/danik/Desktop/Unity/wheel-of-fortune
/home/danik/Desktop/Unity/wheel-of-fortune
[UnityMemory] Configuration Parameters - Can be set up in boot.config
    "memorysetup-bucket-allocator-granularity=16"
    "memorysetup-bucket-allocator-bucket-count=8"
    "memorysetup-bucket-allocator-block-size=33554432"
    "memorysetup-bucket-allocator-block-count=8"
    "memorysetup-main-allocator-block-size=16777216"
    "memorysetup-thread-allocator-block-size=16777216"
    "memorysetup-gfx-main-allocator-block-size=16777216"
    "memorysetup-gfx-thread-allocator-block-size=16777216"
    "memorysetup-cache-allocator-block-size=4194304"
    "memorysetup-typetree-allocator-block-size=2097152"
    "memorysetup-profiler-bucket-allocator-granularity=16"
    "memorysetup-profiler-bucket-allocator-bucket-count=8"
    "memorysetup-profiler-bucket-allocator-block-size=33554432"
    "memorysetup-profiler-bucket-allocator-block-count=8"
    "memorysetup-profiler-allocator-block-size=16777216"
    "memorysetup-profiler-editor-allocator-block-size=1048576"
    "memorysetup-temp-allocator-size-main=16777216"
    "memorysetup-job-temp-allocator-block-size=2097152"
    "memorysetup-job-temp-allocator-block-size-background=1048576"
    "memorysetup-job-temp-allocator-reduction-small-platforms=262144"
    "memorysetup-temp-allocator-size-background-worker=32768"
    "memorysetup-temp-allocator-size-job-worker=262144"
    "memorysetup-temp-allocator-size-preload-manager=33554432"
    "memorysetup-temp-allocator-size-nav-mesh-worker=65536"
    "memorysetup-temp-allocator-size-audio-worker=65536"
    "memorysetup-temp-allocator-size-cloud-worker=32768"
    "memorysetup-temp-allocator-size-gi-baking-worker=262144"
    "memorysetup-temp-allocator-size-gfx=262144"
Refreshing native plugins compatible for Editor in 168,22 ms, found 0 plugins.
Preloading 0 native plugins for Editor in 0,00 ms.
Initialize engine version: 2021.3.13f1 (9e7d58001ecf)
[Subsystems] Discovering subsystems at path /home/danik/Unity/Hub/Editor/2021.3.13f1/Editor/Data/Resources/UnitySubsystems
[Subsystems] Discovering subsystems at path /home/danik/Desktop/Unity/wheel-of-fortune/Assets
GLX Extensions: GLX_ARB_create_context GLX_ARB_create_context_no_error GLX_ARB_create_context_profile GLX_ARB_create_context_robustness GLX_ARB_fbconfig_float GLX_ARB_framebuffer_sRGB GLX_ARB_get_proc_address GLX_ARB_multisample GLX_EXT_buffer_age GLX_EXT_create_context_es2_profile GLX_EXT_create_context_es_profile GLX_EXT_fbconfig_packed_float GLX_EXT_framebuffer_sRGB GLX_EXT_import_context GLX_EXT_no_config_context GLX_EXT_swap_control GLX_EXT_swap_control_tear GLX_EXT_texture_from_pixmap GLX_EXT_visual_info GLX_EXT_visual_rating GLX_INTEL_swap_event GLX_MESA_copy_sub_buffer GLX_MESA_query_renderer GLX_MESA_swap_control GLX_OML_swap_method GLX_OML_sync_control GLX_SGIS_multisample GLX_SGIX_fbconfig GLX_SGIX_pbuffer GLX_SGIX_visual_select_group GLX_SGI_make_current_read GLX_SGI_swap_control GLX_SGI_video_sync 
Renderer: AMD CEDAR (DRM 2.50.0 / 5.15.0-58-generic, LLVM 12.0.0)
Vendor:   X.Org
Version:  3.3 (Core Profile) Mesa 21.2.6
GLES:     0
 GL_AMD_conservative_depth GL_AMD_depth_clamp_separate GL_AMD_draw_buffers_blend GL_AMD_multi_draw_indirect GL_AMD_performance_monitor GL_AMD_pinned_memory GL_AMD_query_buffer_object GL_AMD_seamless_cubemap_per_texture GL_AMD_shader_stencil_export GL_AMD_shader_trinary_minmax GL_AMD_texture_texture4 GL_AMD_vertex_shader_layer GL_AMD_vertex_shader_viewport_index GL_ANGLE_texture_compression_dxt3 GL_ANGLE_texture_compression_dxt5 GL_ARB_ES2_compatibility GL_ARB_ES3_1_compatibility GL_ARB_ES3_2_compatibility GL_ARB_ES3_compatibility GL_ARB_arrays_of_arrays GL_ARB_base_instance GL_ARB_blend_func_extended GL_ARB_buffer_storage GL_ARB_clear_buffer_object GL_ARB_clear_texture GL_ARB_clip_control GL_ARB_compressed_texture_pixel_storage GL_ARB_compute_shader GL_ARB_conditional_render_inverted GL_ARB_conservative_depth GL_ARB_copy_buffer GL_ARB_copy_image GL_ARB_cull_distance GL_ARB_debug_output GL_ARB_depth_buffer_float GL_ARB_depth_clamp GL_ARB_derivative_control GL_ARB_direct_state_access GL_ARB_draw_buffers GL_ARB
_draw_buffers_blend GL_ARB_draw_elements_base_vertex GL_ARB_draw_indirect GL_ARB_draw_instanced GL_ARB_enhanced_layouts GL_ARB_explicit_attrib_location GL_ARB_explicit_uniform_location GL_ARB_fragment_coord_conventions GL_ARB_fragment_layer_viewport GL_ARB_fragment_shader GL_ARB_framebuffer_no_attachments GL_ARB_framebuffer_object GL_ARB_framebuffer_sRGB GL_ARB_get_program_binary GL_ARB_get_texture_sub_image GL_ARB_gpu_shader5 GL_ARB_half_float_pixel GL_ARB_half_float_vertex GL_ARB_instanced_arrays GL_ARB_internalformat_query GL_ARB_internalformat_query2 GL_ARB_invalidate_subdata GL_ARB_map_buffer_alignment GL_ARB_map_buffer_range GL_ARB_multi_bind GL_ARB_multi_draw_indirect GL_ARB_occlusion_query2 GL_ARB_parallel_shader_compile GL_ARB_pipeline_statistics_query GL_ARB_pixel_buffer_object GL_ARB_point_sprite GL_ARB_polygon_offset_clamp GL_ARB_program_interface_query GL_ARB_provoking_vertex GL_ARB_query_buffer_object GL_ARB_robust_buffer_access_behavior GL_ARB_robustness GL_ARB_sample_shading GL_ARB_sampler_ob
jects GL_ARB_seamless_cube_map GL_ARB_seamless_cubemap_per_texture GL_ARB_separate_shader_objects GL_ARB_shader_atomic_counter_ops GL_ARB_shader_atomic_counters GL_ARB_shader_bit_encoding GL_ARB_shader_clock GL_ARB_shader_image_load_store GL_ARB_shader_image_size GL_ARB_shader_objects GL_ARB_shader_precision GL_ARB_shader_stencil_export GL_ARB_shader_storage_buffer_object GL_ARB_shader_subroutine GL_ARB_shader_texture_image_samples GL_ARB_shader_texture_lod GL_ARB_shading_language_420pack GL_ARB_shading_language_include GL_ARB_shading_language_packing GL_ARB_stencil_texturing GL_ARB_sync GL_ARB_tessellation_shader GL_ARB_texture_barrier GL_ARB_texture_buffer_object GL_ARB_texture_buffer_object_rgb32 GL_ARB_texture_buffer_range GL_ARB_texture_compression_bptc GL_ARB_texture_compression_rgtc GL_ARB_texture_cube_map_array GL_ARB_texture_filter_anisotropic GL_ARB_texture_float GL_ARB_texture_gather GL_ARB_texture_mirror_clamp_to_edge GL_ARB_texture_multisample GL_ARB_texture_non_power_of_two GL_ARB_texture_query
_levels GL_ARB_texture_query_lod GL_ARB_texture_rectangle GL_ARB_texture_rg GL_ARB_texture_rgb10_a2ui GL_ARB_texture_stencil8 GL_ARB_texture_storage GL_ARB_texture_storage_multisample GL_ARB_texture_swizzle GL_ARB_texture_view GL_ARB_timer_query GL_ARB_transform_feedback2 GL_ARB_transform_feedback3 GL_ARB_transform_feedback_instanced GL_ARB_uniform_buffer_object GL_ARB_vertex_array_bgra GL_ARB_vertex_array_object GL_ARB_vertex_attrib_binding GL_ARB_vertex_buffer_object GL_ARB_vertex_shader GL_ARB_vertex_type_10f_11f_11f_rev GL_ARB_vertex_type_2_10_10_10_rev GL_ARB_viewport_array GL_ATI_blend_equation_separate GL_ATI_meminfo GL_ATI_texture_float GL_ATI_texture_mirror_once GL_EXT_EGL_image_storage GL_EXT_EGL_sync GL_EXT_abgr GL_EXT_blend_equation_separate GL_EXT_draw_buffers2 GL_EXT_draw_instanced GL_EXT_framebuffer_blit GL_EXT_framebuffer_multisample GL_EXT_framebuffer_multisample_blit_scaled GL_EXT_framebuffer_object GL_EXT_framebuffer_sRGB GL_EXT_packed_depth_stencil GL_EXT_packed_float GL_EXT_pixel_buffer_
object GL_EXT_polygon_offset_clamp GL_EXT_provoking_vertex GL_EXT_shader_integer_mix GL_EXT_texture_array GL_EXT_texture_compression_dxt1 GL_EXT_texture_compression_rgtc GL_EXT_texture_compression_s3tc GL_EXT_texture_filter_anisotropic GL_EXT_texture_integer GL_EXT_texture_mirror_clamp GL_EXT_texture_sRGB GL_EXT_texture_sRGB_R8 GL_EXT_texture_sRGB_decode GL_EXT_texture_shared_exponent GL_EXT_texture_snorm GL_EXT_texture_swizzle GL_EXT_timer_query GL_EXT_transform_feedback GL_EXT_vertex_array_bgra GL_IBM_multimode_draw_arrays GL_KHR_context_flush_control GL_KHR_debug GL_KHR_no_error GL_KHR_parallel_shader_compile GL_KHR_robust_buffer_access_behavior GL_KHR_robustness GL_KHR_texture_compression_astc_ldr GL_KHR_texture_compression_astc_sliced_3d GL_MESA_pack_invert GL_MESA_shader_integer_functions GL_MESA_texture_signed_rgba GL_NVX_gpu_memory_info GL_NV_conditional_render GL_NV_copy_image GL_NV_depth_clamp GL_NV_packed_depth_stencil GL_NV_texture_barrier GL_NV_vdpau_interop GL_OES_EGL_image GL_S3_s3tc
OPENGL LOG: Creating OpenGL 3.3 graphics device ; Context level  <OpenGL 3.3> ; Context handle 1055472144
Initialize mono
Mono path[0] = '/home/danik/Unity/Hub/Editor/2021.3.13f1/Editor/Data/Managed'
Mono path[1] = '/home/danik/Unity/Hub/Editor/2021.3.13f1/Editor/Data/MonoBleedingEdge/lib/mono/unityjit-linux'
Mono config path = '/home/danik/Unity/Hub/Editor/2021.3.13f1/Editor/Data/MonoBleedingEdge/etc'
Using monoOptions --debugger-agent=transport=dt_socket,embedding=1,server=y,suspend=n,address=127.0.0.1:56391
Begin MonoManager ReloadAssembly
Registering precompiled unity dll's ...
Register platform support module: /home/danik/Unity/Hub/Editor/2021.3.13f1/Editor/Data/PlaybackEngines/LinuxStandaloneSupport/UnityEditor.LinuxStandalone.Extensions.dll
Registered in 0,011823 seconds.
Native extension for LinuxStandalone target not found
Refreshing native plugins compatible for Editor in 180,04 ms, found 0 plugins.
Preloading 0 native plugins for Editor in 0,00 ms.
Mono: successfully reloaded assembly
- Completed reload, in  1,524 seconds
Domain Reload Profiling:
	ReloadAssembly (1525ms)
		BeginReloadAssembly (127ms)
			ExecutionOrderSort (0ms)
			DisableScriptedObjects (0ms)
			BackupInstance (0ms)
			ReleaseScriptingObjects (0ms)
			CreateAndSetChildDomain (1ms)
		EndReloadAssembly (1112ms)
			LoadAssemblies (122ms)
			RebuildTransferFunctionScriptingTraits (0ms)
			SetupTypeCache (253ms)
			ReleaseScriptCaches (0ms)
			RebuildScriptCaches (85ms)
			SetupLoadedEditorAssemblies (644ms)
				LogAssemblyErrors (0ms)
				InitializePlatformSupportModulesInManaged (15ms)
				SetLoadedEditorAssemblies (1ms)
				RefreshPlugins (180ms)
				BeforeProcessingInitializeOnLoad (3ms)
				ProcessInitializeOnLoadAttributes (336ms)
				ProcessInitializeOnLoadMethodAttributes (109ms)
				AfterProcessingInitializeOnLoad (0ms)
				EditorAssembliesLoaded (0ms)
			ExecutionOrderSort2 (0ms)
			AwakeInstancesAfterBackupRestoration (0ms)
Platform modules already initialized, skipping
Registering precompiled user dll's ...
Registered in 0,012176 seconds.
Begin MonoManager ReloadAssembly
Symbol file LoadedFromMemory doesn't match image /home/danik/Desktop/Unity/wheel-of-fortune/Library/PackageCache/com.unity.visualscripting@1.7.8/Editor/VisualScripting.Core/Dependencies/YamlDotNet/Unity.VisualScripting.YamlDotNet.dll
Symbol file LoadedFromMemory doesn't match image /home/danik/Desktop/Unity/wheel-of-fortune/Library/PackageCache/com.unity.visualscripting@1.7.8/Editor/VisualScripting.Core/Dependencies/DotNetZip/Unity.VisualScripting.IonicZip.dll
Native extension for LinuxStandalone target not found
Refreshing native plugins compatible for Editor in 1,43 ms, found 0 plugins.
Preloading 0 native plugins for Editor in 0,00 ms.
log4net:ERROR Exception while reading ConfigurationSettings. Check your .config file is well formed XML.
System.NullReferenceException: Object reference not set to an instance of an object
  at log4net.Util.SystemInfo.GetAppSetting (System.String key) [0x00002] in <e1a77b5dfa0c4a1f8ba616c017f5e0b8>:0 
log4net:ERROR Exception while reading ConfigurationSettings. Check your .config file is well formed XML.
System.NullReferenceException: Object reference not set to an instance of an object
  at log4net.Util.SystemInfo.GetAppSetting (System.String key) [0x00002] in <e1a77b5dfa0c4a1f8ba616c017f5e0b8>:0 
log4net:ERROR Exception while reading ConfigurationSettings. Check your .config file is well formed XML.
System.NullReferenceException: Object reference not set to an instance of an object
  at log4net.Util.SystemInfo.GetAppSetting (System.String key) [0x00002] in <e1a77b5dfa0c4a1f8ba616c017f5e0b8>:0 
log4net:ERROR Exception while reading ConfigurationSettings. Check your .config file is well formed XML.
System.NullReferenceException: Object reference not set to an instance of an object
  at log4net.Util.SystemInfo.GetAppSetting (System.String key) [0x00002] in <e1a77b5dfa0c4a1f8ba616c017f5e0b8>:0 
log4net:ERROR Exception while reading ConfigurationSettings. Check your .config file is well formed XML.
System.NullReferenceException: Object reference not set to an instance of an object
  at log4net.Util.SystemInfo.GetAppSetting (System.String key) [0x00002] in <e1a77b5dfa0c4a1f8ba616c017f5e0b8>:0 
log4net:ERROR Exception while reading ConfigurationSettings. Check your .config file is well formed XML.
System.NullReferenceException: Object reference not set to an instance of an object
  at log4net.Util.SystemInfo.GetAppSetting (System.String key) [0x00002] in <e1a77b5dfa0c4a1f8ba616c017f5e0b8>:0 
Mono: successfully reloaded assembly
- Completed reload, in  2,314 seconds
Domain Reload Profiling:
	ReloadAssembly (2316ms)
		BeginReloadAssembly (228ms)
			ExecutionOrderSort (0ms)
			DisableScriptedObjects (16ms)
			BackupInstance (0ms)
			ReleaseScriptingObjects (0ms)
			CreateAndSetChildDomain (44ms)
		EndReloadAssembly (1825ms)
			LoadAssemblies (160ms)
			RebuildTransferFunctionScriptingTraits (0ms)
			SetupTypeCache (662ms)
			ReleaseScriptCaches (2ms)
			RebuildScriptCaches (149ms)
			SetupLoadedEditorAssemblies (743ms)
				LogAssemblyErrors (0ms)
				InitializePlatformSupportModulesInManaged (21ms)
				SetLoadedEditorAssemblies (1ms)
				RefreshPlugins (1ms)
				BeforeProcessingInitializeOnLoad (184ms)
				ProcessInitializeOnLoadAttributes (433ms)
				ProcessInitializeOnLoadMethodAttributes (87ms)
				AfterProcessingInitializeOnLoad (15ms)
				EditorAssembliesLoaded (0ms)
			ExecutionOrderSort2 (0ms)
			AwakeInstancesAfterBackupRestoration (10ms)
Platform modules already initialized, skipping
========================================================================
Worker process is ready to serve import requests
Launched and connected shader compiler UnityShaderCompiler after 0.02 seconds
Refreshing native plugins compatible for Editor in 1,23 ms, found 0 plugins.
Preloading 0 native plugins for Editor in 0,00 ms.
Unloading 3449 Unused Serialized files (Serialized files now loaded: 0)
Unloading 30 unused Assets / (59,5 KB). Loaded Objects now: 3929.
Memory consumption went from 136,5 MB to 136,4 MB.
Total: 10,999242 ms (FindLiveObjects: 0,922566 ms CreateObjectMapping: 0,515062 ms MarkObjects: 9,205472 ms  DeleteObjects: 0,352111 ms)

AssetImportParameters requested are different than current active one (requested -> active):
  custom:video-decoder-ogg-theora: a1e56fd34408186e4bbccfd4996cb3dc -> 
  custom:container-muxer-webm: aa71ff27fc2769a1b78a27578f13a17b -> 
  custom:container-demuxer-webm: 4f35f7cbe854078d1ac9338744f61a02 -> 
  custom:video-encoder-webm-vp8: eb34c28f22e8b96e1ab97ce403110664 -> 
  custom:audio-encoder-webm-vorbis: bf7c407c2cedff20999df2af8eb42d56 -> 
  custom:container-demuxer-ogg: 62fdf1f143b41e24485cea50d1cbac27 -> 
  custom:video-decoder-webm-vp8: 9c59270c3fd7afecdb556c50c9e8de78 -> 
  custom:audio-decoder-ogg-vorbis: bf7c407c2cedff20999df2af8eb42d56 -> 
========================================================================
Received Import Request.
  Time since last request: 777,002039 seconds.
  path: Assets/ACC_Lite/Prefabs/Contreollers/FXController.prefab
  artifactKey: Guid(3023143f80410e345aef19db1f82c9ea) Importer(815301076,1909f56bfc062723c751e8b465ee728b)
Start importing Assets/ACC_Lite/Prefabs/Contreollers/FXController.prefab using Guid(3023143f80410e345aef19db1f82c9ea) Importer(815301076,1909f56bfc062723c751e8b465ee728b)  -> (artifact id: '9addc737c0b8b23eeef41d426b439a03') in 0,194576 seconds 
========================================================================
Received Import Request.
  Time since last request: 0,000053 seconds.
  path: Assets/ACC_Lite/Prefabs/Cars/SunLineGTE_OldDrift.prefab
  artifactKey: Guid(42be58b9c2e809740a19457de07dbc2f) Importer(815301076,1909f56bfc062723c751e8b465ee728b)
Start importing Assets/ACC_Lite/Prefabs/Cars/SunLineGTE_OldDrift.prefab using Guid(42be58b9c2e809740a19457de07dbc2f) Importer(815301076,1909f56bfc062723c751e8b465ee728b)  -> (artifact id: 'fc4c9b6bba493fe3ead5d059ba9b3813') in 0,164779 seconds 
========================================================================
Received Import Request.
  Time since last request: 0,000180 seconds.
  path: Assets/ACC_Lite/Prefabs/Contreollers
  artifactKey: Guid(b163ab6e43e346a468ffdf8d472a720d) Importer(815301076,1909f56bfc062723c751e8b465ee728b)
Start importing Assets/ACC_Lite/Prefabs/Contreollers using Guid(b163ab6e43e346a468ffdf8d472a720d) Importer(815301076,1909f56bfc062723c751e8b465ee728b)  -> (artifact id: '14ac98170ceb4b2cf9eb46e9d8b697c5') in 0,001541 seconds 
========================================================================
Received Import Request.
  Time since last request: 0,000054 seconds.
  path: Assets/ACC_Lite/Prefabs/World/Road.prefab
  artifactKey: Guid(bf9011e389c4e9b45bbc6c8d8a0a8bbc) Importer(815301076,1909f56bfc062723c751e8b465ee728b)
Start importing Assets/ACC_Lite/Prefabs/World/Road.prefab using Guid(bf9011e389c4e9b45bbc6c8d8a0a8bbc) Importer(815301076,1909f56bfc062723c751e8b465ee728b)  -> (artifact id: 'f22da8f23b4ada9c482cb3a9d5808ded') in 0,038450 seconds 
========================================================================
Received Import Request.
  Time since last request: 0,000067 seconds.
  path: Assets/ACC_Lite/Prefabs/World
  artifactKey: Guid(976a1e97e3bdc514a8d623b400a0e221) Importer(815301076,1909f56bfc062723c751e8b465ee728b)
Start importing Assets/ACC_Lite/Prefabs/World using Guid(976a1e97e3bdc514a8d623b400a0e221) Importer(815301076,1909f56bfc062723c751e8b465ee728b)  -> (artifact id: '541f9225e5c247e928c5addd24e7d756') in 0,001395 seconds 
========================================================================
Received Import Request.
  Time since last request: 0,000055 seconds.
  path: Assets/ACC_Lite/Prefabs/Cars/SunLineGTE_Drift.prefab
  artifactKey: Guid(c3561634431fb8f40830bd4c3b642798) Importer(815301076,1909f56bfc062723c751e8b465ee728b)
Start importing Assets/ACC_Lite/Prefabs/Cars/SunLineGTE_Drift.prefab using Guid(c3561634431fb8f40830bd4c3b642798) Importer(815301076,1909f56bfc062723c751e8b465ee728b)  -> (artifact id: 'e1e083b1818ee79484ebe1d6ec047f0c') in 0,043383 seconds 
========================================================================
Received Import Request.
  Time since last request: 0,000059 seconds.
  path: Assets/ACC_Lite/Prefabs/Contreollers/Camera.prefab
  artifactKey: Guid(a5b169273fd795d44829a9ad6bb8e14d) Importer(815301076,1909f56bfc062723c751e8b465ee728b)
Start importing Assets/ACC_Lite/Prefabs/Contreollers/Camera.prefab using Guid(a5b169273fd795d44829a9ad6bb8e14d) Importer(815301076,1909f56bfc062723c751e8b465ee728b)  -> (artifact id: '5e87870acbb2a3766bed539e3f3e182d') in 0,005606 seconds 
========================================================================
Received Import Request.
  Time since last request: 0,000042 seconds.
  path: Assets/ACC_Lite/Prefabs/Cars/SunLineGTE_Race.prefab
  artifactKey: Guid(c696fb0ff23c67d46885a67b29165225) Importer(815301076,1909f56bfc062723c751e8b465ee728b)
Start importing Assets/ACC_Lite/Prefabs/Cars/SunLineGTE_Race.prefab using Guid(c696fb0ff23c67d46885a67b29165225) Importer(815301076,1909f56bfc062723c751e8b465ee728b)  -> (artifact id: 'ac21378953d3c8f7564cb969d391f5a3') in 0,042782 seconds 
========================================================================
Received Import Request.
  Time since last request: 0,000077 seconds.
  path: Assets/ACC_Lite/Prefabs/Contreollers/GameControllerTrack1.prefab
  artifactKey: Guid(7a2236e1e0adf4046829023f88abaca1) Importer(815301076,1909f56bfc062723c751e8b465ee728b)
Start importing Assets/ACC_Lite/Prefabs/Contreollers/GameControllerTrack1.prefab using Guid(7a2236e1e0adf4046829023f88abaca1) Importer(815301076,1909f56bfc062723c751e8b465ee728b)  -> (artifact id: '4c4aa4deca14b9700aedfb1b56a98e1c') in 0,096788 seconds 
========================================================================
Received Import Request.
  Time since last request: 94,745425 seconds.
  path: Assets/ACC_Lite/Scripts/Game/GamePlay/PG_WheelCollider.cs
  artifactKey: Guid(896c6318b1844c64089256fa545d60d4) Importer(815301076,1909f56bfc062723c751e8b465ee728b)
Start importing Assets/ACC_Lite/Scripts/Game/GamePlay/PG_WheelCollider.cs using Guid(896c6318b1844c64089256fa545d60d4) Importer(815301076,1909f56bfc062723c751e8b465ee728b)  -> (artifact id: '45fd9caa881cd5da138b47c64f85bdd7') in 0,001541 seconds 
========================================================================
Received Prepare
Registering precompiled user dll's ...
Registered in 0,009424 seconds.
Begin MonoManager ReloadAssembly
Symbol file LoadedFromMemory doesn't match image /home/danik/Desktop/Unity/wheel-of-fortune/Library/PackageCache/com.unity.visualscripting@1.7.8/Editor/VisualScripting.Core/Dependencies/YamlDotNet/Unity.VisualScripting.YamlDotNet.dll
Symbol file LoadedFromMemory doesn't match image /home/danik/Desktop/Unity/wheel-of-fortune/Library/PackageCache/com.unity.visualscripting@1.7.8/Editor/VisualScripting.Core/Dependencies/DotNetZip/Unity.VisualScripting.IonicZip.dll
Native extension for LinuxStandalone target not found
Refreshing native plugins compatible for Editor in 1,94 ms, found 0 plugins.
Preloading 0 native plugins for Editor in 0,00 ms.
log4net:ERROR Exception while reading ConfigurationSettings. Check your .config file is well formed XML.
System.NullReferenceException: Object reference not set to an instance of an object
  at log4net.Util.SystemInfo.GetAppSetting (System.String key) [0x00002] in <e1a77b5dfa0c4a1f8ba616c017f5e0b8>:0 
log4net:ERROR Exception while reading ConfigurationSettings. Check your .config file is well formed XML.
System.NullReferenceException: Object reference not set to an instance of an object
  at log4net.Util.SystemInfo.GetAppSetting (System.String key) [0x00002] in <e1a77b5dfa0c4a1f8ba616c017f5e0b8>:0 
log4net:ERROR Exception while reading ConfigurationSettings. Check your .config file is well formed XML.
System.NullReferenceException: Object reference not set to an instance of an object
  at log4net.Util.SystemInfo.GetAppSetting (System.String key) [0x00002] in <e1a77b5dfa0c4a1f8ba616c017f5e0b8>:0 
log4net:ERROR Exception while reading ConfigurationSettings. Check your .config file is well formed XML.
System.NullReferenceException: Object reference not set to an instance of an object
  at log4net.Util.SystemInfo.GetAppSetting (System.String key) [0x00002] in <e1a77b5dfa0c4a1f8ba616c017f5e0b8>:0 
log4net:ERROR Exception while reading ConfigurationSettings. Check your .config file is well formed XML.
System.NullReferenceException: Object reference not set to an instance of an object
  at log4net.Util.SystemInfo.GetAppSetting (System.String key) [0x00002] in <e1a77b5dfa0c4a1f8ba616c017f5e0b8>:0 
log4net:ERROR Exception while reading ConfigurationSettings. Check your .config file is well formed XML.
System.NullReferenceException: Object reference not set to an instance of an object
  at log4net.Util.SystemInfo.GetAppSetting (System.String key) [0x00002] in <e1a77b5dfa0c4a1f8ba616c017f5e0b8>:0 
Mono: successfully reloaded assembly
- Completed reload, in  2,252 seconds
Domain Reload Profiling:
	ReloadAssembly (2253ms)
		BeginReloadAssembly (298ms)
			ExecutionOrderSort (0ms)
			DisableScriptedObjects (15ms)
			BackupInstance (0ms)
			ReleaseScriptingObjects (0ms)
			CreateAndSetChildDomain (100ms)
		EndReloadAssembly (1708ms)
			LoadAssemblies (146ms)
			RebuildTransferFunctionScriptingTraits (0ms)
			SetupTypeCache (573ms)
			ReleaseScriptCaches (3ms)
			RebuildScriptCaches (154ms)
			SetupLoadedEditorAssemblies (705ms)
				LogAssemblyErrors (0ms)
				InitializePlatformSupportModulesInManaged (24ms)
				SetLoadedEditorAssemblies (1ms)
				RefreshPlugins (2ms)
				BeforeProcessingInitializeOnLoad (132ms)
				ProcessInitializeOnLoadAttributes (436ms)
				ProcessInitializeOnLoadMethodAttributes (91ms)
				AfterProcessingInitializeOnLoad (19ms)
				EditorAssembliesLoaded (0ms)
			ExecutionOrderSort2 (0ms)
			AwakeInstancesAfterBackupRestoration (12ms)
Platform modules already initialized, skipping
Refreshing native plugins compatible for Editor in 4,39 ms, found 0 plugins.
Preloading 0 native plugins for Editor in 0,00 ms.
Unloading 3419 Unused Serialized files (Serialized files now loaded: 0)
Unloading 26 unused Assets / (60,1 KB). Loaded Objects now: 3941.
Memory consumption went from 136,2 MB to 136,2 MB.
Total: 8,433103 ms (FindLiveObjects: 0,670020 ms CreateObjectMapping: 0,287431 ms MarkObjects: 6,990948 ms  DeleteObjects: 0,481051 ms)

AssetImportParameters requested are different than current active one (requested -> active):
  custom:video-decoder-ogg-theora: a1e56fd34408186e4bbccfd4996cb3dc -> 
  custom:container-muxer-webm: aa71ff27fc2769a1b78a27578f13a17b -> 
  custom:container-demuxer-webm: 4f35f7cbe854078d1ac9338744f61a02 -> 
  custom:video-encoder-webm-vp8: eb34c28f22e8b96e1ab97ce403110664 -> 
  custom:audio-encoder-webm-vorbis: bf7c407c2cedff20999df2af8eb42d56 -> 
  custom:container-demuxer-ogg: 62fdf1f143b41e24485cea50d1cbac27 -> 
  custom:video-decoder-webm-vp8: 9c59270c3fd7afecdb556c50c9e8de78 -> 
  custom:audio-decoder-ogg-vorbis: bf7c407c2cedff20999df2af8eb42d56 -> 
========================================================================
Received Prepare
Registering precompiled user dll's ...
Registered in 0,009572 seconds.
Begin MonoManager ReloadAssembly
Symbol file LoadedFromMemory doesn't match image /home/danik/Desktop/Unity/wheel-of-fortune/Library/PackageCache/com.unity.visualscripting@1.7.8/Editor/VisualScripting.Core/Dependencies/YamlDotNet/Unity.VisualScripting.YamlDotNet.dll
Symbol file LoadedFromMemory doesn't match image /home/danik/Desktop/Unity/wheel-of-fortune/Library/PackageCache/com.unity.visualscripting@1.7.8/Editor/VisualScripting.Core/Dependencies/DotNetZip/Unity.VisualScripting.IonicZip.dll
Native extension for LinuxStandalone target not found
Refreshing native plugins compatible for Editor in 1,61 ms, found 0 plugins.
Preloading 0 native plugins for Editor in 0,00 ms.
log4net:ERROR Exception while reading ConfigurationSettings. Check your .config file is well formed XML.
System.NullReferenceException: Object reference not set to an instance of an object
  at log4net.Util.SystemInfo.GetAppSetting (System.String key) [0x00002] in <e1a77b5dfa0c4a1f8ba616c017f5e0b8>:0 
log4net:ERROR Exception while reading ConfigurationSettings. Check your .config file is well formed XML.
System.NullReferenceException: Object reference not set to an instance of an object
  at log4net.Util.SystemInfo.GetAppSetting (System.String key) [0x00002] in <e1a77b5dfa0c4a1f8ba616c017f5e0b8>:0 
log4net:ERROR Exception while reading ConfigurationSettings. Check your .config file is well formed XML.
System.NullReferenceException: Object reference not set to an instance of an object
  at log4net.Util.SystemInfo.GetAppSetting (System.String key) [0x00002] in <e1a77b5dfa0c4a1f8ba616c017f5e0b8>:0 
log4net:ERROR Exception while reading ConfigurationSettings. Check your .config file is well formed XML.
System.NullReferenceException: Object reference not set to an instance of an object
  at log4net.Util.SystemInfo.GetAppSetting (System.String key) [0x00002] in <e1a77b5dfa0c4a1f8ba616c017f5e0b8>:0 
log4net:ERROR Exception while reading ConfigurationSettings. Check your .config file is well formed XML.
System.NullReferenceException: Object reference not set to an instance of an object
  at log4net.Util.SystemInfo.GetAppSetting (System.String key) [0x00002] in <e1a77b5dfa0c4a1f8ba616c017f5e0b8>:0 
log4net:ERROR Exception while reading ConfigurationSettings. Check your .config file is well formed XML.
System.NullReferenceException: Object reference not set to an instance of an object
  at log4net.Util.SystemInfo.GetAppSetting (System.String key) [0x00002] in <e1a77b5dfa0c4a1f8ba616c017f5e0b8>:0 
Mono: successfully reloaded assembly
- Completed reload, in  2,272 seconds
Domain Reload Profiling:
	ReloadAssembly (2273ms)
		BeginReloadAssembly (242ms)
			ExecutionOrderSort (0ms)
			DisableScriptedObjects (13ms)
			BackupInstance (0ms)
			ReleaseScriptingObjects (0ms)
			CreateAndSetChildDomain (80ms)
		EndReloadAssembly (1800ms)
			LoadAssemblies (122ms)
			RebuildTransferFunctionScriptingTraits (0ms)
			SetupTypeCache (807ms)
			ReleaseScriptCaches (2ms)
			RebuildScriptCaches (120ms)
			SetupLoadedEditorAssemblies (611ms)
				LogAssemblyErrors (0ms)
				InitializePlatformSupportModulesInManaged (22ms)
				SetLoadedEditorAssemblies (1ms)
				RefreshPlugins (2ms)
				BeforeProcessingInitializeOnLoad (129ms)
				ProcessInitializeOnLoadAttributes (375ms)
				ProcessInitializeOnLoadMethodAttributes (70ms)
				AfterProcessingInitializeOnLoad (12ms)
				EditorAssembliesLoaded (0ms)
			ExecutionOrderSort2 (0ms)
			AwakeInstancesAfterBackupRestoration (12ms)
Platform modules already initialized, skipping
Refreshing native plugins compatible for Editor in 4,58 ms, found 0 plugins.
Preloading 0 native plugins for Editor in 0,00 ms.
Unloading 3419 Unused Serialized files (Serialized files now loaded: 0)
Unloading 24 unused Assets / (59,2 KB). Loaded Objects now: 3944.
Memory consumption went from 136,3 MB to 136,2 MB.
Total: 7,924672 ms (FindLiveObjects: 0,741295 ms CreateObjectMapping: 0,379619 ms MarkObjects: 6,277971 ms  DeleteObjects: 0,522047 ms)

AssetImportParameters requested are different than current active one (requested -> active):
  custom:video-decoder-ogg-theora: a1e56fd34408186e4bbccfd4996cb3dc -> 
  custom:container-muxer-webm: aa71ff27fc2769a1b78a27578f13a17b -> 
  custom:container-demuxer-webm: 4f35f7cbe854078d1ac9338744f61a02 -> 
  custom:video-encoder-webm-vp8: eb34c28f22e8b96e1ab97ce403110664 -> 
  custom:audio-encoder-webm-vorbis: bf7c407c2cedff20999df2af8eb42d56 -> 
  custom:container-demuxer-ogg: 62fdf1f143b41e24485cea50d1cbac27 -> 
  custom:video-decoder-webm-vp8: 9c59270c3fd7afecdb556c50c9e8de78 -> 
  custom:audio-decoder-ogg-vorbis: bf7c407c2cedff20999df2af8eb42d56 -> 
========================================================================
Received Import Request.
  Time since last request: 480,028299 seconds.
  path: Assets/ACC_Lite/Scripts/Game/GamePlay/PG_Wheel_Collider.cs
  artifactKey: Guid(896c6318b1844c64089256fa545d60d4) Importer(815301076,1909f56bfc062723c751e8b465ee728b)
Start importing Assets/ACC_Lite/Scripts/Game/GamePlay/PG_Wheel_Collider.cs using Guid(896c6318b1844c64089256fa545d60d4) Importer(815301076,1909f56bfc062723c751e8b465ee728b)  -> (artifact id: '2c91ff71cafc9ee33ce052a683778eab') in 0,013238 seconds 
========================================================================
Received Import Request.
  Time since last request: 41,763747 seconds.
  path: Assets/ACC_Lite/Scripts/Game/GamePlay/PG_Wheel_Collider.cs
  artifactKey: Guid(896c6318b1844c64089256fa545d60d4) Importer(815301076,1909f56bfc062723c751e8b465ee728b)
Start importing Assets/ACC_Lite/Scripts/Game/GamePlay/PG_Wheel_Collider.cs using Guid(896c6318b1844c64089256fa545d60d4) Importer(815301076,1909f56bfc062723c751e8b465ee728b)  -> (artifact id: '1514841856e0ee01dbb26b4edf75950a') in 0,001574 seconds 
========================================================================
Received Import Request.
  Time since last request: 841,694903 seconds.
  path: Assets/ACC_Lite/Scripts/Game/GamePlay/PG_WheelCollider.cs
  artifactKey: Guid(896c6318b1844c64089256fa545d60d4) Importer(815301076,1909f56bfc062723c751e8b465ee728b)
Start importing Assets/ACC_Lite/Scripts/Game/GamePlay/PG_WheelCollider.cs using Guid(896c6318b1844c64089256fa545d60d4) Importer(815301076,1909f56bfc062723c751e8b465ee728b)  -> (artifact id: '104ffcfc6a03d77f5382ca244dbf693e') in 0,001531 seconds 
========================================================================
Received Import Request.
  Time since last request: 9,658214 seconds.
  path: Assets/ACC_Lite/Scripts/Game/GamePlay/PG_WheelCollider.cs
  artifactKey: Guid(896c6318b1844c64089256fa545d60d4) Importer(815301076,1909f56bfc062723c751e8b465ee728b)
Start importing Assets/ACC_Lite/Scripts/Game/GamePlay/PG_WheelCollider.cs using Guid(896c6318b1844c64089256fa545d60d4) Importer(815301076,1909f56bfc062723c751e8b465ee728b)  -> (artifact id: '289c8bdb0d63afdc82cdc4f950444b3c') in 0,001887 seconds 
========================================================================
Received Import Request.
  Time since last request: 166,150485 seconds.
  path: Assets/ACC_Lite/Prefabs/Cars/SunLineGTE_Drift.prefab
  artifactKey: Guid(c3561634431fb8f40830bd4c3b642798) Importer(815301076,1909f56bfc062723c751e8b465ee728b)
Start importing Assets/ACC_Lite/Prefabs/Cars/SunLineGTE_Drift.prefab using Guid(c3561634431fb8f40830bd4c3b642798) Importer(815301076,1909f56bfc062723c751e8b465ee728b)  -> (artifact id: 'fff94c3f2d0b72791760ba1581ed5db0') in 0,220113 seconds 
========================================================================
Received Import Request.
  Time since last request: 0,000078 seconds.
  path: Assets/ACC_Lite/Prefabs/Cars/SunLineGTE_OldDrift.prefab
  artifactKey: Guid(42be58b9c2e809740a19457de07dbc2f) Importer(815301076,1909f56bfc062723c751e8b465ee728b)
Start importing Assets/ACC_Lite/Prefabs/Cars/SunLineGTE_OldDrift.prefab using Guid(42be58b9c2e809740a19457de07dbc2f) Importer(815301076,1909f56bfc062723c751e8b465ee728b)  -> (artifact id: 'ff2da42c06948fe3191e62f9447c49ab') in 0,039337 seconds 
========================================================================
Received Import Request.
  Time since last request: 0,000097 seconds.
  path: Assets/ACC_Lite/Prefabs/Cars/SunLineGTE_Race.prefab
  artifactKey: Guid(c696fb0ff23c67d46885a67b29165225) Importer(815301076,1909f56bfc062723c751e8b465ee728b)
Start importing Assets/ACC_Lite/Prefabs/Cars/SunLineGTE_Race.prefab using Guid(c696fb0ff23c67d46885a67b29165225) Importer(815301076,1909f56bfc062723c751e8b465ee728b)  -> (artifact id: 'c2678fa14be4253d7e4c2520d34019f6') in 0,037955 seconds 
========================================================================
Received Prepare
Registering precompiled user dll's ...
Registered in 0,011922 seconds.
Begin MonoManager ReloadAssembly
Symbol file LoadedFromMemory doesn't match image /home/danik/Desktop/Unity/wheel-of-fortune/Library/PackageCache/com.unity.visualscripting@1.7.8/Editor/VisualScripting.Core/Dependencies/YamlDotNet/Unity.VisualScripting.YamlDotNet.dll
Symbol file LoadedFromMemory doesn't match image /home/danik/Desktop/Unity/wheel-of-fortune/Library/PackageCache/com.unity.visualscripting@1.7.8/Editor/VisualScripting.Core/Dependencies/DotNetZip/Unity.VisualScripting.IonicZip.dll
Native extension for LinuxStandalone target not found
Refreshing native plugins compatible for Editor in 1,46 ms, found 0 plugins.
Preloading 0 native plugins for Editor in 0,00 ms.
log4net:ERROR Exception while reading ConfigurationSettings. Check your .config file is well formed XML.
System.NullReferenceException: Object reference not set to an instance of an object
  at log4net.Util.SystemInfo.GetAppSetting (System.String key) [0x00002] in <e1a77b5dfa0c4a1f8ba616c017f5e0b8>:0 
log4net:ERROR Exception while reading ConfigurationSettings. Check your .config file is well formed XML.
System.NullReferenceException: Object reference not set to an instance of an object
  at log4net.Util.SystemInfo.GetAppSetting (System.String key) [0x00002] in <e1a77b5dfa0c4a1f8ba616c017f5e0b8>:0 
log4net:ERROR Exception while reading ConfigurationSettings. Check your .config file is well formed XML.
System.NullReferenceException: Object reference not set to an instance of an object
  at log4net.Util.SystemInfo.GetAppSetting (System.String key) [0x00002] in <e1a77b5dfa0c4a1f8ba616c017f5e0b8>:0 
log4net:ERROR Exception while reading ConfigurationSettings. Check your .config file is well formed XML.
System.NullReferenceException: Object reference not set to an instance of an object
  at log4net.Util.SystemInfo.GetAppSetting (System.String key) [0x00002] in <e1a77b5dfa0c4a1f8ba616c017f5e0b8>:0 
log4net:ERROR Exception while reading ConfigurationSettings. Check your .config file is well formed XML.
System.NullReferenceException: Object reference not set to an instance of an object
  at log4net.Util.SystemInfo.GetAppSetting (System.String key) [0x00002] in <e1a77b5dfa0c4a1f8ba616c017f5e0b8>:0 
log4net:ERROR Exception while reading ConfigurationSettings. Check your .config file is well formed XML.
System.NullReferenceException: Object reference not set to an instance of an object
  at log4net.Util.SystemInfo.GetAppSetting (System.String key) [0x00002] in <e1a77b5dfa0c4a1f8ba616c017f5e0b8>:0 
Mono: successfully reloaded assembly
- Completed reload, in  1,924 seconds
Domain Reload Profiling:
	ReloadAssembly (1925ms)
		BeginReloadAssembly (254ms)
			ExecutionOrderSort (0ms)
			DisableScriptedObjects (14ms)
			BackupInstance (0ms)
			ReleaseScriptingObjects (0ms)
			CreateAndSetChildDomain (87ms)
		EndReloadAssembly (1463ms)
			LoadAssemblies (129ms)
			RebuildTransferFunctionScriptingTraits (0ms)
			SetupTypeCache (526ms)
			ReleaseScriptCaches (3ms)
			RebuildScriptCaches (97ms)
			SetupLoadedEditorAssemblies (593ms)
				LogAssemblyErrors (0ms)
				InitializePlatformSupportModulesInManaged (20ms)
				SetLoadedEditorAssemblies (1ms)
				RefreshPlugins (2ms)
				BeforeProcessingInitializeOnLoad (111ms)
				ProcessInitializeOnLoadAttributes (383ms)
				ProcessInitializeOnLoadMethodAttributes (65ms)
				AfterProcessingInitializeOnLoad (12ms)
				EditorAssembliesLoaded (0ms)
			ExecutionOrderSort2 (0ms)
			AwakeInstancesAfterBackupRestoration (9ms)
Platform modules already initialized, skipping
Refreshing native plugins compatible for Editor in 4,59 ms, found 0 plugins.
Preloading 0 native plugins for Editor in 0,00 ms.
Unloading 3419 Unused Serialized files (Serialized files now loaded: 0)
Unloading 26 unused Assets / (60,1 KB). Loaded Objects now: 3947.
Memory consumption went from 136,3 MB to 136,2 MB.
Total: 8,719311 ms (FindLiveObjects: 0,807306 ms CreateObjectMapping: 0,302434 ms MarkObjects: 7,097508 ms  DeleteObjects: 0,508343 ms)

AssetImportParameters requested are different than current active one (requested -> active):
  custom:video-decoder-ogg-theora: a1e56fd34408186e4bbccfd4996cb3dc -> 
  custom:container-muxer-webm: aa71ff27fc2769a1b78a27578f13a17b -> 
  custom:container-demuxer-webm: 4f35f7cbe854078d1ac9338744f61a02 -> 
  custom:video-encoder-webm-vp8: eb34c28f22e8b96e1ab97ce403110664 -> 
  custom:audio-encoder-webm-vorbis: bf7c407c2cedff20999df2af8eb42d56 -> 
  custom:container-demuxer-ogg: 62fdf1f143b41e24485cea50d1cbac27 -> 
  custom:video-decoder-webm-vp8: 9c59270c3fd7afecdb556c50c9e8de78 -> 
  custom:audio-decoder-ogg-vorbis: bf7c407c2cedff20999df2af8eb42d56 -> 
========================================================================
Received Import Request.
  Time since last request: 305,323841 seconds.
  path: Assets/Scripts/GarageControlers/TechControlers/TechMenuControl.cs
  artifactKey: Guid(b1b35a8d129701228ba63dc39e935fe9) Importer(815301076,1909f56bfc062723c751e8b465ee728b)
Start importing Assets/Scripts/GarageControlers/TechControlers/TechMenuControl.cs using Guid(b1b35a8d129701228ba63dc39e935fe9) Importer(815301076,1909f56bfc062723c751e8b465ee728b)  -> (artifact id: '4ce3f81f7069d6ad58c19867515c4d5d') in 0,011481 seconds 
========================================================================
Received Import Request.
  Time since last request: 16,788577 seconds.
  path: Assets/Scripts/GarageControlers/AddClasses/SettingsCar.cs
  artifactKey: Guid(4e3101f3d6a657f799a614251b4a9d84) Importer(815301076,1909f56bfc062723c751e8b465ee728b)
Start importing Assets/Scripts/GarageControlers/AddClasses/SettingsCar.cs using Guid(4e3101f3d6a657f799a614251b4a9d84) Importer(815301076,1909f56bfc062723c751e8b465ee728b)  -> (artifact id: 'a697f7ac969d1f70d15b39a4c4ea42bc') in 0,001355 seconds 
========================================================================
Received Prepare
Registering precompiled user dll's ...
Registered in 0,011836 seconds.
Begin MonoManager ReloadAssembly
Symbol file LoadedFromMemory doesn't match image /home/danik/Desktop/Unity/wheel-of-fortune/Library/PackageCache/com.unity.visualscripting@1.7.8/Editor/VisualScripting.Core/Dependencies/YamlDotNet/Unity.VisualScripting.YamlDotNet.dll
Symbol file LoadedFromMemory doesn't match image /home/danik/Desktop/Unity/wheel-of-fortune/Library/PackageCache/com.unity.visualscripting@1.7.8/Editor/VisualScripting.Core/Dependencies/DotNetZip/Unity.VisualScripting.IonicZip.dll
Native extension for LinuxStandalone target not found
Refreshing native plugins compatible for Editor in 1,73 ms, found 0 plugins.
Preloading 0 native plugins for Editor in 0,00 ms.
log4net:ERROR Exception while reading ConfigurationSettings. Check your .config file is well formed XML.
System.NullReferenceException: Object reference not set to an instance of an object
  at log4net.Util.SystemInfo.GetAppSetting (System.String key) [0x00002] in <e1a77b5dfa0c4a1f8ba616c017f5e0b8>:0 
log4net:ERROR Exception while reading ConfigurationSettings. Check your .config file is well formed XML.
System.NullReferenceException: Object reference not set to an instance of an object
  at log4net.Util.SystemInfo.GetAppSetting (System.String key) [0x00002] in <e1a77b5dfa0c4a1f8ba616c017f5e0b8>:0 
log4net:ERROR Exception while reading ConfigurationSettings. Check your .config file is well formed XML.
System.NullReferenceException: Object reference not set to an instance of an object
  at log4net.Util.SystemInfo.GetAppSetting (System.String key) [0x00002] in <e1a77b5dfa0c4a1f8ba616c017f5e0b8>:0 
log4net:ERROR Exception while reading ConfigurationSettings. Check your .config file is well formed XML.
System.NullReferenceException: Object reference not set to an instance of an object
  at log4net.Util.SystemInfo.GetAppSetting (System.String key) [0x00002] in <e1a77b5dfa0c4a1f8ba616c017f5e0b8>:0 
log4net:ERROR Exception while reading ConfigurationSettings. Check your .config file is well formed XML.
System.NullReferenceException: Object reference not set to an instance of an object
  at log4net.Util.SystemInfo.GetAppSetting (System.String key) [0x00002] in <e1a77b5dfa0c4a1f8ba616c017f5e0b8>:0 
log4net:ERROR Exception while reading ConfigurationSettings. Check your .config file is well formed XML.
System.NullReferenceException: Object reference not set to an instance of an object
  at log4net.Util.SystemInfo.GetAppSetting (System.String key) [0x00002] in <e1a77b5dfa0c4a1f8ba616c017f5e0b8>:0 
Mono: successfully reloaded assembly
- Completed reload, in  1,931 seconds
Domain Reload Profiling:
	ReloadAssembly (1932ms)
		BeginReloadAssembly (244ms)
			ExecutionOrderSort (0ms)
			DisableScriptedObjects (13ms)
			BackupInstance (0ms)
			ReleaseScriptingObjects (0ms)
			CreateAndSetChildDomain (86ms)
		EndReloadAssembly (1471ms)
			LoadAssemblies (130ms)
			RebuildTransferFunctionScriptingTraits (0ms)
			SetupTypeCache (542ms)
			ReleaseScriptCaches (2ms)
			RebuildScriptCaches (107ms)
			SetupLoadedEditorAssemblies (587ms)
				LogAssemblyErrors (0ms)
				InitializePlatformSupportModulesInManaged (24ms)
				SetLoadedEditorAssemblies (1ms)
				RefreshPlugins (2ms)
				BeforeProcessingInitializeOnLoad (133ms)
				ProcessInitializeOnLoadAttributes (354ms)
				ProcessInitializeOnLoadMethodAttributes (62ms)
				AfterProcessingInitializeOnLoad (11ms)
				EditorAssembliesLoaded (0ms)
			ExecutionOrderSort2 (0ms)
			AwakeInstancesAfterBackupRestoration (8ms)
Platform modules already initialized, skipping
Refreshing native plugins compatible for Editor in 5,10 ms, found 0 plugins.
Preloading 0 native plugins for Editor in 0,00 ms.
Unloading 3419 Unused Serialized files (Serialized files now loaded: 0)
Unloading 24 unused Assets / (59,2 KB). Loaded Objects now: 3950.
Memory consumption went from 136,3 MB to 136,2 MB.
Total: 30,519398 ms (FindLiveObjects: 0,690313 ms CreateObjectMapping: 0,391280 ms MarkObjects: 28,767226 ms  DeleteObjects: 0,665459 ms)

AssetImportParameters requested are different than current active one (requested -> active):
  custom:video-decoder-ogg-theora: a1e56fd34408186e4bbccfd4996cb3dc -> 
  custom:container-muxer-webm: aa71ff27fc2769a1b78a27578f13a17b -> 
  custom:container-demuxer-webm: 4f35f7cbe854078d1ac9338744f61a02 -> 
  custom:video-encoder-webm-vp8: eb34c28f22e8b96e1ab97ce403110664 -> 
  custom:audio-encoder-webm-vorbis: bf7c407c2cedff20999df2af8eb42d56 -> 
  custom:container-demuxer-ogg: 62fdf1f143b41e24485cea50d1cbac27 -> 
  custom:video-decoder-webm-vp8: 9c59270c3fd7afecdb556c50c9e8de78 -> 
  custom:audio-decoder-ogg-vorbis: bf7c407c2cedff20999df2af8eb42d56 -> 
========================================================================
Received Import Request.
  Time since last request: 41,698927 seconds.
  path: Assets/Scripts/GarageControlers/AddClasses/SettingsCar.cs
  artifactKey: Guid(4e3101f3d6a657f799a614251b4a9d84) Importer(815301076,1909f56bfc062723c751e8b465ee728b)
Start importing Assets/Scripts/GarageControlers/AddClasses/SettingsCar.cs using Guid(4e3101f3d6a657f799a614251b4a9d84) Importer(815301076,1909f56bfc062723c751e8b465ee728b)  -> (artifact id: '542398e1b6187b1790631eb7ceeba93f') in 0,010587 seconds 
========================================================================
Received Import Request.
  Time since last request: 539,631991 seconds.
  path: Assets/Scripts/GarageControlers/ChoiceCarControl/ChoiceCarMenu.cs
  artifactKey: Guid(154559cf171533be7b916c45fa30030b) Importer(815301076,1909f56bfc062723c751e8b465ee728b)
Start importing Assets/Scripts/GarageControlers/ChoiceCarControl/ChoiceCarMenu.cs using Guid(154559cf171533be7b916c45fa30030b) Importer(815301076,1909f56bfc062723c751e8b465ee728b)  -> (artifact id: '3700876b6d28de655b30e74b162954a7') in 0,001835 seconds 
========================================================================
Received Prepare
Registering precompiled user dll's ...
Registered in 0,016460 seconds.
Begin MonoManager ReloadAssembly
Symbol file LoadedFromMemory doesn't match image /home/danik/Desktop/Unity/wheel-of-fortune/Library/PackageCache/com.unity.visualscripting@1.7.8/Editor/VisualScripting.Core/Dependencies/YamlDotNet/Unity.VisualScripting.YamlDotNet.dll
Symbol file LoadedFromMemory doesn't match image /home/danik/Desktop/Unity/wheel-of-fortune/Library/PackageCache/com.unity.visualscripting@1.7.8/Editor/VisualScripting.Core/Dependencies/DotNetZip/Unity.VisualScripting.IonicZip.dll
Native extension for LinuxStandalone target not found
Refreshing native plugins compatible for Editor in 1,34 ms, found 0 plugins.
Preloading 0 native plugins for Editor in 0,00 ms.
log4net:ERROR Exception while reading ConfigurationSettings. Check your .config file is well formed XML.
System.NullReferenceException: Object reference not set to an instance of an object
  at log4net.Util.SystemInfo.GetAppSetting (System.String key) [0x00002] in <e1a77b5dfa0c4a1f8ba616c017f5e0b8>:0 
log4net:ERROR Exception while reading ConfigurationSettings. Check your .config file is well formed XML.
System.NullReferenceException: Object reference not set to an instance of an object
  at log4net.Util.SystemInfo.GetAppSetting (System.String key) [0x00002] in <e1a77b5dfa0c4a1f8ba616c017f5e0b8>:0 
log4net:ERROR Exception while reading ConfigurationSettings. Check your .config file is well formed XML.
System.NullReferenceException: Object reference not set to an instance of an object
  at log4net.Util.SystemInfo.GetAppSetting (System.String key) [0x00002] in <e1a77b5dfa0c4a1f8ba616c017f5e0b8>:0 
log4net:ERROR Exception while reading ConfigurationSettings. Check your .config file is well formed XML.
System.NullReferenceException: Object reference not set to an instance of an object
  at log4net.Util.SystemInfo.GetAppSetting (System.String key) [0x00002] in <e1a77b5dfa0c4a1f8ba616c017f5e0b8>:0 
log4net:ERROR Exception while reading ConfigurationSettings. Check your .config file is well formed XML.
System.NullReferenceException: Object reference not set to an instance of an object
  at log4net.Util.SystemInfo.GetAppSetting (System.String key) [0x00002] in <e1a77b5dfa0c4a1f8ba616c017f5e0b8>:0 
log4net:ERROR Exception while reading ConfigurationSettings. Check your .config file is well formed XML.
System.NullReferenceException: Object reference not set to an instance of an object
  at log4net.Util.SystemInfo.GetAppSetting (System.String key) [0x00002] in <e1a77b5dfa0c4a1f8ba616c017f5e0b8>:0 
Mono: successfully reloaded assembly
- Completed reload, in  1,939 seconds
Domain Reload Profiling:
	ReloadAssembly (1940ms)
		BeginReloadAssembly (230ms)
			ExecutionOrderSort (0ms)
			DisableScriptedObjects (12ms)
			BackupInstance (0ms)
			ReleaseScriptingObjects (0ms)
			CreateAndSetChildDomain (77ms)
		EndReloadAssembly (1492ms)
			LoadAssemblies (118ms)
			RebuildTransferFunctionScriptingTraits (0ms)
			SetupTypeCache (561ms)
			ReleaseScriptCaches (2ms)
			RebuildScriptCaches (105ms)
			SetupLoadedEditorAssemblies (579ms)
				LogAssemblyErrors (0ms)
				InitializePlatformSupportModulesInManaged (26ms)
				SetLoadedEditorAssemblies (1ms)
				RefreshPlugins (1ms)
				BeforeProcessingInitializeOnLoad (125ms)
				ProcessInitializeOnLoadAttributes (348ms)
				ProcessInitializeOnLoadMethodAttributes (65ms)
				AfterProcessingInitializeOnLoad (12ms)
				EditorAssembliesLoaded (0ms)
			ExecutionOrderSort2 (0ms)
			AwakeInstancesAfterBackupRestoration (8ms)
Platform modules already initialized, skipping
Refreshing native plugins compatible for Editor in 3,87 ms, found 0 plugins.
Preloading 0 native plugins for Editor in 0,00 ms.
Unloading 3419 Unused Serialized files (Serialized files now loaded: 0)
Unloading 24 unused Assets / (58,6 KB). Loaded Objects now: 3953.
Memory consumption went from 136,3 MB to 136,2 MB.
Total: 14,608728 ms (FindLiveObjects: 0,650930 ms CreateObjectMapping: 0,325396 ms MarkObjects: 12,843879 ms  DeleteObjects: 0,784819 ms)

AssetImportParameters requested are different than current active one (requested -> active):
  custom:video-decoder-ogg-theora: a1e56fd34408186e4bbccfd4996cb3dc -> 
  custom:container-muxer-webm: aa71ff27fc2769a1b78a27578f13a17b -> 
  custom:container-demuxer-webm: 4f35f7cbe854078d1ac9338744f61a02 -> 
  custom:video-encoder-webm-vp8: eb34c28f22e8b96e1ab97ce403110664 -> 
  custom:audio-encoder-webm-vorbis: bf7c407c2cedff20999df2af8eb42d56 -> 
  custom:container-demuxer-ogg: 62fdf1f143b41e24485cea50d1cbac27 -> 
  custom:video-decoder-webm-vp8: 9c59270c3fd7afecdb556c50c9e8de78 -> 
  custom:audio-decoder-ogg-vorbis: bf7c407c2cedff20999df2af8eb42d56 -> 
========================================================================
Received Prepare
Registering precompiled user dll's ...
Registered in 0,008289 seconds.
Begin MonoManager ReloadAssembly
Symbol file LoadedFromMemory doesn't match image /home/danik/Desktop/Unity/wheel-of-fortune/Library/PackageCache/com.unity.visualscripting@1.7.8/Editor/VisualScripting.Core/Dependencies/YamlDotNet/Unity.VisualScripting.YamlDotNet.dll
Symbol file LoadedFromMemory doesn't match image /home/danik/Desktop/Unity/wheel-of-fortune/Library/PackageCache/com.unity.visualscripting@1.7.8/Editor/VisualScripting.Core/Dependencies/DotNetZip/Unity.VisualScripting.IonicZip.dll
Native extension for LinuxStandalone target not found
Refreshing native plugins compatible for Editor in 1,95 ms, found 0 plugins.
Preloading 0 native plugins for Editor in 0,00 ms.
log4net:ERROR Exception while reading ConfigurationSettings. Check your .config file is well formed XML.
System.NullReferenceException: Object reference not set to an instance of an object
  at log4net.Util.SystemInfo.GetAppSetting (System.String key) [0x00002] in <e1a77b5dfa0c4a1f8ba616c017f5e0b8>:0 
log4net:ERROR Exception while reading ConfigurationSettings. Check your .config file is well formed XML.
System.NullReferenceException: Object reference not set to an instance of an object
  at log4net.Util.SystemInfo.GetAppSetting (System.String key) [0x00002] in <e1a77b5dfa0c4a1f8ba616c017f5e0b8>:0 
log4net:ERROR Exception while reading ConfigurationSettings. Check your .config file is well formed XML.
System.NullReferenceException: Object reference not set to an instance of an object
  at log4net.Util.SystemInfo.GetAppSetting (System.String key) [0x00002] in <e1a77b5dfa0c4a1f8ba616c017f5e0b8>:0 
log4net:ERROR Exception while reading ConfigurationSettings. Check your .config file is well formed XML.
System.NullReferenceException: Object reference not set to an instance of an object
  at log4net.Util.SystemInfo.GetAppSetting (System.String key) [0x00002] in <e1a77b5dfa0c4a1f8ba616c017f5e0b8>:0 
log4net:ERROR Exception while reading ConfigurationSettings. Check your .config file is well formed XML.
System.NullReferenceException: Object reference not set to an instance of an object
  at log4net.Util.SystemInfo.GetAppSetting (System.String key) [0x00002] in <e1a77b5dfa0c4a1f8ba616c017f5e0b8>:0 
log4net:ERROR Exception while reading ConfigurationSettings. Check your .config file is well formed XML.
System.NullReferenceException: Object reference not set to an instance of an object
  at log4net.Util.SystemInfo.GetAppSetting (System.String key) [0x00002] in <e1a77b5dfa0c4a1f8ba616c017f5e0b8>:0 
Mono: successfully reloaded assembly
- Completed reload, in  2,218 seconds
Domain Reload Profiling:
	ReloadAssembly (2219ms)
		BeginReloadAssembly (239ms)
			ExecutionOrderSort (0ms)
			DisableScriptedObjects (12ms)
			BackupInstance (0ms)
			ReleaseScriptingObjects (0ms)
			CreateAndSetChildDomain (84ms)
		EndReloadAssembly (1767ms)
			LoadAssemblies (120ms)
			RebuildTransferFunctionScriptingTraits (0ms)
			SetupTypeCache (597ms)
			ReleaseScriptCaches (4ms)
			RebuildScriptCaches (106ms)
			SetupLoadedEditorAssemblies (800ms)
				LogAssemblyErrors (0ms)
				InitializePlatformSupportModulesInManaged (28ms)
				SetLoadedEditorAssemblies (1ms)
				RefreshPlugins (2ms)
				BeforeProcessingInitializeOnLoad (170ms)
				ProcessInitializeOnLoadAttributes (481ms)
				ProcessInitializeOnLoadMethodAttributes (99ms)
				AfterProcessingInitializeOnLoad (17ms)
				EditorAssembliesLoaded (1ms)
			ExecutionOrderSort2 (0ms)
			AwakeInstancesAfterBackupRestoration (13ms)
Platform modules already initialized, skipping
Refreshing native plugins compatible for Editor in 3,82 ms, found 0 plugins.
Preloading 0 native plugins for Editor in 0,00 ms.
Unloading 3419 Unused Serialized files (Serialized files now loaded: 0)
Unloading 24 unused Assets / (58,8 KB). Loaded Objects now: 3956.
Memory consumption went from 136,3 MB to 136,3 MB.
Total: 7,450907 ms (FindLiveObjects: 0,558684 ms CreateObjectMapping: 0,211388 ms MarkObjects: 6,097601 ms  DeleteObjects: 0,579577 ms)

AssetImportParameters requested are different than current active one (requested -> active):
  custom:video-decoder-ogg-theora: a1e56fd34408186e4bbccfd4996cb3dc -> 
  custom:container-muxer-webm: aa71ff27fc2769a1b78a27578f13a17b -> 
  custom:container-demuxer-webm: 4f35f7cbe854078d1ac9338744f61a02 -> 
  custom:video-encoder-webm-vp8: eb34c28f22e8b96e1ab97ce403110664 -> 
  custom:audio-encoder-webm-vorbis: bf7c407c2cedff20999df2af8eb42d56 -> 
  custom:container-demuxer-ogg: 62fdf1f143b41e24485cea50d1cbac27 -> 
  custom:video-decoder-webm-vp8: 9c59270c3fd7afecdb556c50c9e8de78 -> 
  custom:audio-decoder-ogg-vorbis: bf7c407c2cedff20999df2af8eb42d56 -> 
========================================================================
Received Prepare
Registering precompiled user dll's ...
Registered in 0,008961 seconds.
Begin MonoManager ReloadAssembly
Symbol file LoadedFromMemory doesn't match image /home/danik/Desktop/Unity/wheel-of-fortune/Library/PackageCache/com.unity.visualscripting@1.7.8/Editor/VisualScripting.Core/Dependencies/YamlDotNet/Unity.VisualScripting.YamlDotNet.dll
Symbol file LoadedFromMemory doesn't match image /home/danik/Desktop/Unity/wheel-of-fortune/Library/PackageCache/com.unity.visualscripting@1.7.8/Editor/VisualScripting.Core/Dependencies/DotNetZip/Unity.VisualScripting.IonicZip.dll
Native extension for LinuxStandalone target not found
Refreshing native plugins compatible for Editor in 2,04 ms, found 0 plugins.
Preloading 0 native plugins for Editor in 0,00 ms.
log4net:ERROR Exception while reading ConfigurationSettings. Check your .config file is well formed XML.
System.NullReferenceException: Object reference not set to an instance of an object
  at log4net.Util.SystemInfo.GetAppSetting (System.String key) [0x00002] in <e1a77b5dfa0c4a1f8ba616c017f5e0b8>:0 
log4net:ERROR Exception while reading ConfigurationSettings. Check your .config file is well formed XML.
System.NullReferenceException: Object reference not set to an instance of an object
  at log4net.Util.SystemInfo.GetAppSetting (System.String key) [0x00002] in <e1a77b5dfa0c4a1f8ba616c017f5e0b8>:0 
log4net:ERROR Exception while reading ConfigurationSettings. Check your .config file is well formed XML.
System.NullReferenceException: Object reference not set to an instance of an object
  at log4net.Util.SystemInfo.GetAppSetting (System.String key) [0x00002] in <e1a77b5dfa0c4a1f8ba616c017f5e0b8>:0 
log4net:ERROR Exception while reading ConfigurationSettings. Check your .config file is well formed XML.
System.NullReferenceException: Object reference not set to an instance of an object
  at log4net.Util.SystemInfo.GetAppSetting (System.String key) [0x00002] in <e1a77b5dfa0c4a1f8ba616c017f5e0b8>:0 
log4net:ERROR Exception while reading ConfigurationSettings. Check your .config file is well formed XML.
System.NullReferenceException: Object reference not set to an instance of an object
  at log4net.Util.SystemInfo.GetAppSetting (System.String key) [0x00002] in <e1a77b5dfa0c4a1f8ba616c017f5e0b8>:0 
log4net:ERROR Exception while reading ConfigurationSettings. Check your .config file is well formed XML.
System.NullReferenceException: Object reference not set to an instance of an object
  at log4net.Util.SystemInfo.GetAppSetting (System.String key) [0x00002] in <e1a77b5dfa0c4a1f8ba616c017f5e0b8>:0 
Mono: successfully reloaded assembly
- Completed reload, in  1,977 seconds
Domain Reload Profiling:
	ReloadAssembly (1979ms)
		BeginReloadAssembly (257ms)
			ExecutionOrderSort (0ms)
			DisableScriptedObjects (13ms)
			BackupInstance (0ms)
			ReleaseScriptingObjects (0ms)
			CreateAndSetChildDomain (95ms)
		EndReloadAssembly (1489ms)
			LoadAssemblies (126ms)
			RebuildTransferFunctionScriptingTraits (0ms)
			SetupTypeCache (570ms)
			ReleaseScriptCaches (3ms)
			RebuildScriptCaches (96ms)
			SetupLoadedEditorAssemblies (575ms)
				LogAssemblyErrors (0ms)
				InitializePlatformSupportModulesInManaged (23ms)
				SetLoadedEditorAssemblies (1ms)
				RefreshPlugins (2ms)
				BeforeProcessingInitializeOnLoad (124ms)
				ProcessInitializeOnLoadAttributes (346ms)
				ProcessInitializeOnLoadMethodAttributes (68ms)
				AfterProcessingInitializeOnLoad (11ms)
				EditorAssembliesLoaded (0ms)
			ExecutionOrderSort2 (0ms)
			AwakeInstancesAfterBackupRestoration (8ms)
Platform modules already initialized, skipping
Refreshing native plugins compatible for Editor in 4,06 ms, found 0 plugins.
Preloading 0 native plugins for Editor in 0,00 ms.
Unloading 3419 Unused Serialized files (Serialized files now loaded: 0)
Unloading 24 unused Assets / (58,7 KB). Loaded Objects now: 3959.
Memory consumption went from 136,3 MB to 136,3 MB.
Total: 7,855922 ms (FindLiveObjects: 0,756523 ms CreateObjectMapping: 0,363211 ms MarkObjects: 6,044266 ms  DeleteObjects: 0,688038 ms)

AssetImportParameters requested are different than current active one (requested -> active):
  custom:video-decoder-ogg-theora: a1e56fd34408186e4bbccfd4996cb3dc -> 
  custom:container-muxer-webm: aa71ff27fc2769a1b78a27578f13a17b -> 
  custom:container-demuxer-webm: 4f35f7cbe854078d1ac9338744f61a02 -> 
  custom:video-encoder-webm-vp8: eb34c28f22e8b96e1ab97ce403110664 -> 
  custom:audio-encoder-webm-vorbis: bf7c407c2cedff20999df2af8eb42d56 -> 
  custom:container-demuxer-ogg: 62fdf1f143b41e24485cea50d1cbac27 -> 
  custom:video-decoder-webm-vp8: 9c59270c3fd7afecdb556c50c9e8de78 -> 
  custom:audio-decoder-ogg-vorbis: bf7c407c2cedff20999df2af8eb42d56 -> 
========================================================================
Received Prepare
Registering precompiled user dll's ...
Registered in 0,009658 seconds.
Begin MonoManager ReloadAssembly
Symbol file LoadedFromMemory doesn't match image /home/danik/Desktop/Unity/wheel-of-fortune/Library/PackageCache/com.unity.visualscripting@1.7.8/Editor/VisualScripting.Core/Dependencies/YamlDotNet/Unity.VisualScripting.YamlDotNet.dll
Symbol file LoadedFromMemory doesn't match image /home/danik/Desktop/Unity/wheel-of-fortune/Library/PackageCache/com.unity.visualscripting@1.7.8/Editor/VisualScripting.Core/Dependencies/DotNetZip/Unity.VisualScripting.IonicZip.dll
Native extension for LinuxStandalone target not found
Refreshing native plugins compatible for Editor in 2,04 ms, found 0 plugins.
Preloading 0 native plugins for Editor in 0,00 ms.
log4net:ERROR Exception while reading ConfigurationSettings. Check your .config file is well formed XML.
System.NullReferenceException: Object reference not set to an instance of an object
  at log4net.Util.SystemInfo.GetAppSetting (System.String key) [0x00002] in <e1a77b5dfa0c4a1f8ba616c017f5e0b8>:0 
log4net:ERROR Exception while reading ConfigurationSettings. Check your .config file is well formed XML.
System.NullReferenceException: Object reference not set to an instance of an object
  at log4net.Util.SystemInfo.GetAppSetting (System.String key) [0x00002] in <e1a77b5dfa0c4a1f8ba616c017f5e0b8>:0 
log4net:ERROR Exception while reading ConfigurationSettings. Check your .config file is well formed XML.
System.NullReferenceException: Object reference not set to an instance of an object
  at log4net.Util.SystemInfo.GetAppSetting (System.String key) [0x00002] in <e1a77b5dfa0c4a1f8ba616c017f5e0b8>:0 
log4net:ERROR Exception while reading ConfigurationSettings. Check your .config file is well formed XML.
System.NullReferenceException: Object reference not set to an instance of an object
  at log4net.Util.SystemInfo.GetAppSetting (System.String key) [0x00002] in <e1a77b5dfa0c4a1f8ba616c017f5e0b8>:0 
log4net:ERROR Exception while reading ConfigurationSettings. Check your .config file is well formed XML.
System.NullReferenceException: Object reference not set to an instance of an object
  at log4net.Util.SystemInfo.GetAppSetting (System.String key) [0x00002] in <e1a77b5dfa0c4a1f8ba616c017f5e0b8>:0 
log4net:ERROR Exception while reading ConfigurationSettings. Check your .config file is well formed XML.
System.NullReferenceException: Object reference not set to an instance of an object
  at log4net.Util.SystemInfo.GetAppSetting (System.String key) [0x00002] in <e1a77b5dfa0c4a1f8ba616c017f5e0b8>:0 
Mono: successfully reloaded assembly
- Completed reload, in  2,262 seconds
Domain Reload Profiling:
	ReloadAssembly (2264ms)
		BeginReloadAssembly (271ms)
			ExecutionOrderSort (0ms)
			DisableScriptedObjects (14ms)
			BackupInstance (0ms)
			ReleaseScriptingObjects (0ms)
			CreateAndSetChildDomain (100ms)
		EndReloadAssembly (1741ms)
			LoadAssemblies (137ms)
			RebuildTransferFunctionScriptingTraits (0ms)
			SetupTypeCache (558ms)
			ReleaseScriptCaches (2ms)
			RebuildScriptCaches (104ms)
			SetupLoadedEditorAssemblies (793ms)
				LogAssemblyErrors (0ms)
				InitializePlatformSupportModulesInManaged (28ms)
				SetLoadedEditorAssemblies (1ms)
				RefreshPlugins (2ms)
				BeforeProcessingInitializeOnLoad (185ms)
				ProcessInitializeOnLoadAttributes (484ms)
				ProcessInitializeOnLoadMethodAttributes (73ms)
				AfterProcessingInitializeOnLoad (18ms)
				EditorAssembliesLoaded (1ms)
			ExecutionOrderSort2 (0ms)
			AwakeInstancesAfterBackupRestoration (11ms)
Platform modules already initialized, skipping
Refreshing native plugins compatible for Editor in 3,65 ms, found 0 plugins.
Preloading 0 native plugins for Editor in 0,00 ms.
Unloading 3419 Unused Serialized files (Serialized files now loaded: 0)
Unloading 24 unused Assets / (58,7 KB). Loaded Objects now: 3962.
Memory consumption went from 136,3 MB to 136,3 MB.
Total: 8,482770 ms (FindLiveObjects: 0,685270 ms CreateObjectMapping: 0,277203 ms MarkObjects: 6,827704 ms  DeleteObjects: 0,689060 ms)

AssetImportParameters requested are different than current active one (requested -> active):
  custom:video-decoder-ogg-theora: a1e56fd34408186e4bbccfd4996cb3dc -> 
  custom:container-muxer-webm: aa71ff27fc2769a1b78a27578f13a17b -> 
  custom:container-demuxer-webm: 4f35f7cbe854078d1ac9338744f61a02 -> 
  custom:video-encoder-webm-vp8: eb34c28f22e8b96e1ab97ce403110664 -> 
  custom:audio-encoder-webm-vorbis: bf7c407c2cedff20999df2af8eb42d56 -> 
  custom:container-demuxer-ogg: 62fdf1f143b41e24485cea50d1cbac27 -> 
  custom:video-decoder-webm-vp8: 9c59270c3fd7afecdb556c50c9e8de78 -> 
  custom:audio-decoder-ogg-vorbis: bf7c407c2cedff20999df2af8eb42d56 -> 
========================================================================
Received Prepare
Registering precompiled user dll's ...
Registered in 0,011631 seconds.
Begin MonoManager ReloadAssembly
Symbol file LoadedFromMemory doesn't match image /home/danik/Desktop/Unity/wheel-of-fortune/Library/PackageCache/com.unity.visualscripting@1.7.8/Editor/VisualScripting.Core/Dependencies/YamlDotNet/Unity.VisualScripting.YamlDotNet.dll
Symbol file LoadedFromMemory doesn't match image /home/danik/Desktop/Unity/wheel-of-fortune/Library/PackageCache/com.unity.visualscripting@1.7.8/Editor/VisualScripting.Core/Dependencies/DotNetZip/Unity.VisualScripting.IonicZip.dll
Native extension for LinuxStandalone target not found
Refreshing native plugins compatible for Editor in 2,01 ms, found 0 plugins.
Preloading 0 native plugins for Editor in 0,00 ms.
log4net:ERROR Exception while reading ConfigurationSettings. Check your .config file is well formed XML.
System.NullReferenceException: Object reference not set to an instance of an object
  at log4net.Util.SystemInfo.GetAppSetting (System.String key) [0x00002] in <e1a77b5dfa0c4a1f8ba616c017f5e0b8>:0 
log4net:ERROR Exception while reading ConfigurationSettings. Check your .config file is well formed XML.
System.NullReferenceException: Object reference not set to an instance of an object
  at log4net.Util.SystemInfo.GetAppSetting (System.String key) [0x00002] in <e1a77b5dfa0c4a1f8ba616c017f5e0b8>:0 
log4net:ERROR Exception while reading ConfigurationSettings. Check your .config file is well formed XML.
System.NullReferenceException: Object reference not set to an instance of an object
  at log4net.Util.SystemInfo.GetAppSetting (System.String key) [0x00002] in <e1a77b5dfa0c4a1f8ba616c017f5e0b8>:0 
log4net:ERROR Exception while reading ConfigurationSettings. Check your .config file is well formed XML.
System.NullReferenceException: Object reference not set to an instance of an object
  at log4net.Util.SystemInfo.GetAppSetting (System.String key) [0x00002] in <e1a77b5dfa0c4a1f8ba616c017f5e0b8>:0 
log4net:ERROR Exception while reading ConfigurationSettings. Check your .config file is well formed XML.
System.NullReferenceException: Object reference not set to an instance of an object
  at log4net.Util.SystemInfo.GetAppSetting (System.String key) [0x00002] in <e1a77b5dfa0c4a1f8ba616c017f5e0b8>:0 
log4net:ERROR Exception while reading ConfigurationSettings. Check your .config file is well formed XML.
System.NullReferenceException: Object reference not set to an instance of an object
  at log4net.Util.SystemInfo.GetAppSetting (System.String key) [0x00002] in <e1a77b5dfa0c4a1f8ba616c017f5e0b8>:0 
Mono: successfully reloaded assembly
- Completed reload, in  2,050 seconds
Domain Reload Profiling:
	ReloadAssembly (2051ms)
		BeginReloadAssembly (239ms)
			ExecutionOrderSort (0ms)
			DisableScriptedObjects (14ms)
			BackupInstance (0ms)
			ReleaseScriptingObjects (0ms)
			CreateAndSetChildDomain (81ms)
		EndReloadAssembly (1597ms)
			LoadAssemblies (116ms)
			RebuildTransferFunctionScriptingTraits (0ms)
			SetupTypeCache (571ms)
			ReleaseScriptCaches (2ms)
			RebuildScriptCaches (98ms)
			SetupLoadedEditorAssemblies (681ms)
				LogAssemblyErrors (0ms)
				InitializePlatformSupportModulesInManaged (29ms)
				SetLoadedEditorAssemblies (1ms)
				RefreshPlugins (2ms)
				BeforeProcessingInitializeOnLoad (175ms)
				ProcessInitializeOnLoadAttributes (393ms)
				ProcessInitializeOnLoadMethodAttributes (68ms)
				AfterProcessingInitializeOnLoad (12ms)
				EditorAssembliesLoaded (1ms)
			ExecutionOrderSort2 (0ms)
			AwakeInstancesAfterBackupRestoration (9ms)
Platform modules already initialized, skipping
Refreshing native plugins compatible for Editor in 3,78 ms, found 0 plugins.
Preloading 0 native plugins for Editor in 0,00 ms.
Unloading 3419 Unused Serialized files (Serialized files now loaded: 0)
Unloading 24 unused Assets / (58,8 KB). Loaded Objects now: 3965.
Memory consumption went from 136,3 MB to 136,3 MB.
Total: 8,197427 ms (FindLiveObjects: 0,662418 ms CreateObjectMapping: 0,350108 ms MarkObjects: 6,528719 ms  DeleteObjects: 0,652466 ms)

AssetImportParameters requested are different than current active one (requested -> active):
  custom:video-decoder-ogg-theora: a1e56fd34408186e4bbccfd4996cb3dc -> 
  custom:container-muxer-webm: aa71ff27fc2769a1b78a27578f13a17b -> 
  custom:container-demuxer-webm: 4f35f7cbe854078d1ac9338744f61a02 -> 
  custom:video-encoder-webm-vp8: eb34c28f22e8b96e1ab97ce403110664 -> 
  custom:audio-encoder-webm-vorbis: bf7c407c2cedff20999df2af8eb42d56 -> 
  custom:container-demuxer-ogg: 62fdf1f143b41e24485cea50d1cbac27 -> 
  custom:video-decoder-webm-vp8: 9c59270c3fd7afecdb556c50c9e8de78 -> 
  custom:audio-decoder-ogg-vorbis: bf7c407c2cedff20999df2af8eb42d56 -> 
========================================================================
Received Prepare
Registering precompiled user dll's ...
Registered in 0,011861 seconds.
Begin MonoManager ReloadAssembly
Symbol file LoadedFromMemory doesn't match image /home/danik/Desktop/Unity/wheel-of-fortune/Library/PackageCache/com.unity.visualscripting@1.7.8/Editor/VisualScripting.Core/Dependencies/YamlDotNet/Unity.VisualScripting.YamlDotNet.dll
Symbol file LoadedFromMemory doesn't match image /home/danik/Desktop/Unity/wheel-of-fortune/Library/PackageCache/com.unity.visualscripting@1.7.8/Editor/VisualScripting.Core/Dependencies/DotNetZip/Unity.VisualScripting.IonicZip.dll
Native extension for LinuxStandalone target not found
Refreshing native plugins compatible for Editor in 1,56 ms, found 0 plugins.
Preloading 0 native plugins for Editor in 0,00 ms.
log4net:ERROR Exception while reading ConfigurationSettings. Check your .config file is well formed XML.
System.NullReferenceException: Object reference not set to an instance of an object
  at log4net.Util.SystemInfo.GetAppSetting (System.String key) [0x00002] in <e1a77b5dfa0c4a1f8ba616c017f5e0b8>:0 
log4net:ERROR Exception while reading ConfigurationSettings. Check your .config file is well formed XML.
System.NullReferenceException: Object reference not set to an instance of an object
  at log4net.Util.SystemInfo.GetAppSetting (System.String key) [0x00002] in <e1a77b5dfa0c4a1f8ba616c017f5e0b8>:0 
log4net:ERROR Exception while reading ConfigurationSettings. Check your .config file is well formed XML.
System.NullReferenceException: Object reference not set to an instance of an object
  at log4net.Util.SystemInfo.GetAppSetting (System.String key) [0x00002] in <e1a77b5dfa0c4a1f8ba616c017f5e0b8>:0 
log4net:ERROR Exception while reading ConfigurationSettings. Check your .config file is well formed XML.
System.NullReferenceException: Object reference not set to an instance of an object
  at log4net.Util.SystemInfo.GetAppSetting (System.String key) [0x00002] in <e1a77b5dfa0c4a1f8ba616c017f5e0b8>:0 
log4net:ERROR Exception while reading ConfigurationSettings. Check your .config file is well formed XML.
System.NullReferenceException: Object reference not set to an instance of an object
  at log4net.Util.SystemInfo.GetAppSetting (System.String key) [0x00002] in <e1a77b5dfa0c4a1f8ba616c017f5e0b8>:0 
log4net:ERROR Exception while reading ConfigurationSettings. Check your .config file is well formed XML.
System.NullReferenceException: Object reference not set to an instance of an object
  at log4net.Util.SystemInfo.GetAppSetting (System.String key) [0x00002] in <e1a77b5dfa0c4a1f8ba616c017f5e0b8>:0 
Mono: successfully reloaded assembly
- Completed reload, in  2,045 seconds
Domain Reload Profiling:
	ReloadAssembly (2047ms)
		BeginReloadAssembly (233ms)
			ExecutionOrderSort (0ms)
			DisableScriptedObjects (12ms)
			BackupInstance (0ms)
			ReleaseScriptingObjects (0ms)
			CreateAndSetChildDomain (81ms)
		EndReloadAssembly (1611ms)
			LoadAssemblies (118ms)
			RebuildTransferFunctionScriptingTraits (0ms)
			SetupTypeCache (573ms)
			ReleaseScriptCaches (3ms)
			RebuildScriptCaches (110ms)
			SetupLoadedEditorAssemblies (658ms)
				LogAssemblyErrors (0ms)
				InitializePlatformSupportModulesInManaged (22ms)
				SetLoadedEditorAssemblies (1ms)
				RefreshPlugins (2ms)
				BeforeProcessingInitializeOnLoad (121ms)
				ProcessInitializeOnLoadAttributes (405ms)
				ProcessInitializeOnLoadMethodAttributes (90ms)
				AfterProcessingInitializeOnLoad (19ms)
				EditorAssembliesLoaded (0ms)
			ExecutionOrderSort2 (0ms)
			AwakeInstancesAfterBackupRestoration (12ms)
Platform modules already initialized, skipping
Refreshing native plugins compatible for Editor in 3,92 ms, found 0 plugins.
Preloading 0 native plugins for Editor in 0,00 ms.
Unloading 3419 Unused Serialized files (Serialized files now loaded: 0)
Unloading 24 unused Assets / (58,6 KB). Loaded Objects now: 3968.
Memory consumption went from 136,4 MB to 136,3 MB.
Total: 8,702928 ms (FindLiveObjects: 0,629797 ms CreateObjectMapping: 0,293026 ms MarkObjects: 7,045658 ms  DeleteObjects: 0,731203 ms)

AssetImportParameters requested are different than current active one (requested -> active):
  custom:video-decoder-ogg-theora: a1e56fd34408186e4bbccfd4996cb3dc -> 
  custom:container-muxer-webm: aa71ff27fc2769a1b78a27578f13a17b -> 
  custom:container-demuxer-webm: 4f35f7cbe854078d1ac9338744f61a02 -> 
  custom:video-encoder-webm-vp8: eb34c28f22e8b96e1ab97ce403110664 -> 
  custom:audio-encoder-webm-vorbis: bf7c407c2cedff20999df2af8eb42d56 -> 
  custom:container-demuxer-ogg: 62fdf1f143b41e24485cea50d1cbac27 -> 
  custom:video-decoder-webm-vp8: 9c59270c3fd7afecdb556c50c9e8de78 -> 
  custom:audio-decoder-ogg-vorbis: bf7c407c2cedff20999df2af8eb42d56 -> 
========================================================================
Received Prepare
Registering precompiled user dll's ...
Registered in 0,011619 seconds.
Begin MonoManager ReloadAssembly
Symbol file LoadedFromMemory doesn't match image /home/danik/Desktop/Unity/wheel-of-fortune/Library/PackageCache/com.unity.visualscripting@1.7.8/Editor/VisualScripting.Core/Dependencies/YamlDotNet/Unity.VisualScripting.YamlDotNet.dll
Symbol file LoadedFromMemory doesn't match image /home/danik/Desktop/Unity/wheel-of-fortune/Library/PackageCache/com.unity.visualscripting@1.7.8/Editor/VisualScripting.Core/Dependencies/DotNetZip/Unity.VisualScripting.IonicZip.dll
Native extension for LinuxStandalone target not found
Refreshing native plugins compatible for Editor in 1,35 ms, found 0 plugins.
Preloading 0 native plugins for Editor in 0,00 ms.
log4net:ERROR Exception while reading ConfigurationSettings. Check your .config file is well formed XML.
System.NullReferenceException: Object reference not set to an instance of an object
  at log4net.Util.SystemInfo.GetAppSetting (System.String key) [0x00002] in <e1a77b5dfa0c4a1f8ba616c017f5e0b8>:0 
log4net:ERROR Exception while reading ConfigurationSettings. Check your .config file is well formed XML.
System.NullReferenceException: Object reference not set to an instance of an object
  at log4net.Util.SystemInfo.GetAppSetting (System.String key) [0x00002] in <e1a77b5dfa0c4a1f8ba616c017f5e0b8>:0 
log4net:ERROR Exception while reading ConfigurationSettings. Check your .config file is well formed XML.
System.NullReferenceException: Object reference not set to an instance of an object
  at log4net.Util.SystemInfo.GetAppSetting (System.String key) [0x00002] in <e1a77b5dfa0c4a1f8ba616c017f5e0b8>:0 
log4net:ERROR Exception while reading ConfigurationSettings. Check your .config file is well formed XML.
System.NullReferenceException: Object reference not set to an instance of an object
  at log4net.Util.SystemInfo.GetAppSetting (System.String key) [0x00002] in <e1a77b5dfa0c4a1f8ba616c017f5e0b8>:0 
log4net:ERROR Exception while reading ConfigurationSettings. Check your .config file is well formed XML.
System.NullReferenceException: Object reference not set to an instance of an object
  at log4net.Util.SystemInfo.GetAppSetting (System.String key) [0x00002] in <e1a77b5dfa0c4a1f8ba616c017f5e0b8>:0 
log4net:ERROR Exception while reading ConfigurationSettings. Check your .config file is well formed XML.
System.NullReferenceException: Object reference not set to an instance of an object
  at log4net.Util.SystemInfo.GetAppSetting (System.String key) [0x00002] in <e1a77b5dfa0c4a1f8ba616c017f5e0b8>:0 
Mono: successfully reloaded assembly
- Completed reload, in  2,134 seconds
Domain Reload Profiling:
	ReloadAssembly (2136ms)
		BeginReloadAssembly (248ms)
			ExecutionOrderSort (0ms)
			DisableScriptedObjects (15ms)
			BackupInstance (0ms)
			ReleaseScriptingObjects (0ms)
			CreateAndSetChildDomain (86ms)
		EndReloadAssembly (1648ms)
			LoadAssemblies (129ms)
			RebuildTransferFunctionScriptingTraits (0ms)
			SetupTypeCache (688ms)
			ReleaseScriptCaches (2ms)
			RebuildScriptCaches (113ms)
			SetupLoadedEditorAssemblies (596ms)
				LogAssemblyErrors (0ms)
				InitializePlatformSupportModulesInManaged (26ms)
				SetLoadedEditorAssemblies (1ms)
				RefreshPlugins (1ms)
				BeforeProcessingInitializeOnLoad (139ms)
				ProcessInitializeOnLoadAttributes (349ms)
				ProcessInitializeOnLoadMethodAttributes (65ms)
				AfterProcessingInitializeOnLoad (13ms)
				EditorAssembliesLoaded (1ms)
			ExecutionOrderSort2 (0ms)
			AwakeInstancesAfterBackupRestoration (10ms)
Platform modules already initialized, skipping
Refreshing native plugins compatible for Editor in 3,88 ms, found 0 plugins.
Preloading 0 native plugins for Editor in 0,00 ms.
Unloading 3419 Unused Serialized files (Serialized files now loaded: 0)
Unloading 24 unused Assets / (58,6 KB). Loaded Objects now: 3971.
Memory consumption went from 136,4 MB to 136,3 MB.
Total: 8,779808 ms (FindLiveObjects: 0,598795 ms CreateObjectMapping: 0,223200 ms MarkObjects: 6,937539 ms  DeleteObjects: 1,016511 ms)

AssetImportParameters requested are different than current active one (requested -> active):
  custom:video-decoder-ogg-theora: a1e56fd34408186e4bbccfd4996cb3dc -> 
  custom:container-muxer-webm: aa71ff27fc2769a1b78a27578f13a17b -> 
  custom:container-demuxer-webm: 4f35f7cbe854078d1ac9338744f61a02 -> 
  custom:video-encoder-webm-vp8: eb34c28f22e8b96e1ab97ce403110664 -> 
  custom:audio-encoder-webm-vorbis: bf7c407c2cedff20999df2af8eb42d56 -> 
  custom:container-demuxer-ogg: 62fdf1f143b41e24485cea50d1cbac27 -> 
  custom:video-decoder-webm-vp8: 9c59270c3fd7afecdb556c50c9e8de78 -> 
  custom:audio-decoder-ogg-vorbis: bf7c407c2cedff20999df2af8eb42d56 -> 
========================================================================
Received Prepare
Registering precompiled user dll's ...
Registered in 0,008823 seconds.
Begin MonoManager ReloadAssembly
Symbol file LoadedFromMemory doesn't match image /home/danik/Desktop/Unity/wheel-of-fortune/Library/PackageCache/com.unity.visualscripting@1.7.8/Editor/VisualScripting.Core/Dependencies/YamlDotNet/Unity.VisualScripting.YamlDotNet.dll
Symbol file LoadedFromMemory doesn't match image /home/danik/Desktop/Unity/wheel-of-fortune/Library/PackageCache/com.unity.visualscripting@1.7.8/Editor/VisualScripting.Core/Dependencies/DotNetZip/Unity.VisualScripting.IonicZip.dll
Native extension for LinuxStandalone target not found
Refreshing native plugins compatible for Editor in 2,30 ms, found 0 plugins.
Preloading 0 native plugins for Editor in 0,00 ms.
log4net:ERROR Exception while reading ConfigurationSettings. Check your .config file is well formed XML.
System.NullReferenceException: Object reference not set to an instance of an object
  at log4net.Util.SystemInfo.GetAppSetting (System.String key) [0x00002] in <e1a77b5dfa0c4a1f8ba616c017f5e0b8>:0 
log4net:ERROR Exception while reading ConfigurationSettings. Check your .config file is well formed XML.
System.NullReferenceException: Object reference not set to an instance of an object
  at log4net.Util.SystemInfo.GetAppSetting (System.String key) [0x00002] in <e1a77b5dfa0c4a1f8ba616c017f5e0b8>:0 
log4net:ERROR Exception while reading ConfigurationSettings. Check your .config file is well formed XML.
System.NullReferenceException: Object reference not set to an instance of an object
  at log4net.Util.SystemInfo.GetAppSetting (System.String key) [0x00002] in <e1a77b5dfa0c4a1f8ba616c017f5e0b8>:0 
log4net:ERROR Exception while reading ConfigurationSettings. Check your .config file is well formed XML.
System.NullReferenceException: Object reference not set to an instance of an object
  at log4net.Util.SystemInfo.GetAppSetting (System.String key) [0x00002] in <e1a77b5dfa0c4a1f8ba616c017f5e0b8>:0 
log4net:ERROR Exception while reading ConfigurationSettings. Check your .config file is well formed XML.
System.NullReferenceException: Object reference not set to an instance of an object
  at log4net.Util.SystemInfo.GetAppSetting (System.String key) [0x00002] in <e1a77b5dfa0c4a1f8ba616c017f5e0b8>:0 
log4net:ERROR Exception while reading ConfigurationSettings. Check your .config file is well formed XML.
System.NullReferenceException: Object reference not set to an instance of an object
  at log4net.Util.SystemInfo.GetAppSetting (System.String key) [0x00002] in <e1a77b5dfa0c4a1f8ba616c017f5e0b8>:0 
Mono: successfully reloaded assembly
- Completed reload, in  2,299 seconds
Domain Reload Profiling:
	ReloadAssembly (2300ms)
		BeginReloadAssembly (262ms)
			ExecutionOrderSort (0ms)
			DisableScriptedObjects (16ms)
			BackupInstance (0ms)
			ReleaseScriptingObjects (0ms)
			CreateAndSetChildDomain (98ms)
		EndReloadAssembly (1798ms)
			LoadAssemblies (130ms)
			RebuildTransferFunctionScriptingTraits (0ms)
			SetupTypeCache (644ms)
			ReleaseScriptCaches (6ms)
			RebuildScriptCaches (153ms)
			SetupLoadedEditorAssemblies (677ms)
				LogAssemblyErrors (0ms)
				InitializePlatformSupportModulesInManaged (47ms)
				SetLoadedEditorAssemblies (1ms)
				RefreshPlugins (2ms)
				BeforeProcessingInitializeOnLoad (167ms)
				ProcessInitializeOnLoadAttributes (373ms)
				ProcessInitializeOnLoadMethodAttributes (73ms)
				AfterProcessingInitializeOnLoad (13ms)
				EditorAssembliesLoaded (0ms)
			ExecutionOrderSort2 (0ms)
			AwakeInstancesAfterBackupRestoration (9ms)
Platform modules already initialized, skipping
Refreshing native plugins compatible for Editor in 3,56 ms, found 0 plugins.
Preloading 0 native plugins for Editor in 0,00 ms.
Unloading 3419 Unused Serialized files (Serialized files now loaded: 0)
Unloading 24 unused Assets / (58,5 KB). Loaded Objects now: 3974.
Memory consumption went from 136,4 MB to 136,3 MB.
Total: 9,410140 ms (FindLiveObjects: 0,645954 ms CreateObjectMapping: 0,339684 ms MarkObjects: 7,505244 ms  DeleteObjects: 0,915567 ms)

AssetImportParameters requested are different than current active one (requested -> active):
  custom:video-decoder-ogg-theora: a1e56fd34408186e4bbccfd4996cb3dc -> 
  custom:container-muxer-webm: aa71ff27fc2769a1b78a27578f13a17b -> 
  custom:container-demuxer-webm: 4f35f7cbe854078d1ac9338744f61a02 -> 
  custom:video-encoder-webm-vp8: eb34c28f22e8b96e1ab97ce403110664 -> 
  custom:audio-encoder-webm-vorbis: bf7c407c2cedff20999df2af8eb42d56 -> 
  custom:container-demuxer-ogg: 62fdf1f143b41e24485cea50d1cbac27 -> 
  custom:video-decoder-webm-vp8: 9c59270c3fd7afecdb556c50c9e8de78 -> 
  custom:audio-decoder-ogg-vorbis: bf7c407c2cedff20999df2af8eb42d56 -> 
========================================================================
Received Prepare
Registering precompiled user dll's ...
Registered in 0,010863 seconds.
Begin MonoManager ReloadAssembly
Symbol file LoadedFromMemory doesn't match image /home/danik/Desktop/Unity/wheel-of-fortune/Library/PackageCache/com.unity.visualscripting@1.7.8/Editor/VisualScripting.Core/Dependencies/YamlDotNet/Unity.VisualScripting.YamlDotNet.dll
Symbol file LoadedFromMemory doesn't match image /home/danik/Desktop/Unity/wheel-of-fortune/Library/PackageCache/com.unity.visualscripting@1.7.8/Editor/VisualScripting.Core/Dependencies/DotNetZip/Unity.VisualScripting.IonicZip.dll
Native extension for LinuxStandalone target not found
Refreshing native plugins compatible for Editor in 2,16 ms, found 0 plugins.
Preloading 0 native plugins for Editor in 0,00 ms.
log4net:ERROR Exception while reading ConfigurationSettings. Check your .config file is well formed XML.
System.NullReferenceException: Object reference not set to an instance of an object
  at log4net.Util.SystemInfo.GetAppSetting (System.String key) [0x00002] in <e1a77b5dfa0c4a1f8ba616c017f5e0b8>:0 
log4net:ERROR Exception while reading ConfigurationSettings. Check your .config file is well formed XML.
System.NullReferenceException: Object reference not set to an instance of an object
  at log4net.Util.SystemInfo.GetAppSetting (System.String key) [0x00002] in <e1a77b5dfa0c4a1f8ba616c017f5e0b8>:0 
log4net:ERROR Exception while reading ConfigurationSettings. Check your .config file is well formed XML.
System.NullReferenceException: Object reference not set to an instance of an object
  at log4net.Util.SystemInfo.GetAppSetting (System.String key) [0x00002] in <e1a77b5dfa0c4a1f8ba616c017f5e0b8>:0 
log4net:ERROR Exception while reading ConfigurationSettings. Check your .config file is well formed XML.
System.NullReferenceException: Object reference not set to an instance of an object
  at log4net.Util.SystemInfo.GetAppSetting (System.String key) [0x00002] in <e1a77b5dfa0c4a1f8ba616c017f5e0b8>:0 
log4net:ERROR Exception while reading ConfigurationSettings. Check your .config file is well formed XML.
System.NullReferenceException: Object reference not set to an instance of an object
  at log4net.Util.SystemInfo.GetAppSetting (System.String key) [0x00002] in <e1a77b5dfa0c4a1f8ba616c017f5e0b8>:0 
log4net:ERROR Exception while reading ConfigurationSettings. Check your .config file is well formed XML.
System.NullReferenceException: Object reference not set to an instance of an object
  at log4net.Util.SystemInfo.GetAppSetting (System.String key) [0x00002] in <e1a77b5dfa0c4a1f8ba616c017f5e0b8>:0 
Mono: successfully reloaded assembly
- Completed reload, in  2,342 seconds
Domain Reload Profiling:
	ReloadAssembly (2343ms)
		BeginReloadAssembly (249ms)
			ExecutionOrderSort (0ms)
			DisableScriptedObjects (18ms)
			BackupInstance (0ms)
			ReleaseScriptingObjects (0ms)
			CreateAndSetChildDomain (84ms)
		EndReloadAssembly (1797ms)
			LoadAssemblies (135ms)
			RebuildTransferFunctionScriptingTraits (0ms)
			SetupTypeCache (835ms)
			ReleaseScriptCaches (3ms)
			RebuildScriptCaches (110ms)
			SetupLoadedEditorAssemblies (596ms)
				LogAssemblyErrors (0ms)
				InitializePlatformSupportModulesInManaged (30ms)
				SetLoadedEditorAssemblies (2ms)
				RefreshPlugins (2ms)
				BeforeProcessingInitializeOnLoad (118ms)
				ProcessInitializeOnLoadAttributes (358ms)
				ProcessInitializeOnLoadMethodAttributes (72ms)
				AfterProcessingInitializeOnLoad (14ms)
				EditorAssembliesLoaded (0ms)
			ExecutionOrderSort2 (0ms)
			AwakeInstancesAfterBackupRestoration (9ms)
Platform modules already initialized, skipping
Refreshing native plugins compatible for Editor in 3,73 ms, found 0 plugins.
Preloading 0 native plugins for Editor in 0,00 ms.
Unloading 3419 Unused Serialized files (Serialized files now loaded: 0)
Unloading 24 unused Assets / (58,6 KB). Loaded Objects now: 3977.
Memory consumption went from 136,4 MB to 136,3 MB.
Total: 8,598818 ms (FindLiveObjects: 0,610995 ms CreateObjectMapping: 0,272953 ms MarkObjects: 6,870025 ms  DeleteObjects: 0,841594 ms)

AssetImportParameters requested are different than current active one (requested -> active):
  custom:video-decoder-ogg-theora: a1e56fd34408186e4bbccfd4996cb3dc -> 
  custom:container-muxer-webm: aa71ff27fc2769a1b78a27578f13a17b -> 
  custom:container-demuxer-webm: 4f35f7cbe854078d1ac9338744f61a02 -> 
  custom:video-encoder-webm-vp8: eb34c28f22e8b96e1ab97ce403110664 -> 
  custom:audio-encoder-webm-vorbis: bf7c407c2cedff20999df2af8eb42d56 -> 
  custom:container-demuxer-ogg: 62fdf1f143b41e24485cea50d1cbac27 -> 
  custom:video-decoder-webm-vp8: 9c59270c3fd7afecdb556c50c9e8de78 -> 
  custom:audio-decoder-ogg-vorbis: bf7c407c2cedff20999df2af8eb42d56 -> 
