Unity Editor version:    2021.3.13f1 (9e7d58001ecf)
Branch:                  2021.3/staging
Build type:              Release
Batch mode:              YES
System name:             Linux
Distro version:          #64~20.04.1-Ubuntu SMP Fri Jan 6 16:42:31 UTC 2023
Kernel version:          5.15.0-58-generic
Architecture:            x86_64
Available memory:        5785 MB
Using pre-set license
Pro License: YES

(Unity:43042): Gdk-CRITICAL **: 15:30:13.786: gdk_window_get_cursor: assertion 'GDK_IS_WINDOW (window)' failed
Desktop is 1366 x 768 @ 60 Hz
Initialize udev device monitor.

COMMAND LINE ARGUMENTS:
Unity
-adb2
-batchMode
-noUpm
-name
AssetImportWorker0
-projectPath
/home/danik/Desktop/Unity/wheel-of-fortune
-logFile
Logs/AssetImportWorker0.log
-srvPort
46137
Successfully changed project path to: /home/danik/Desktop/Unity/wheel-of-fortune
/home/danik/Desktop/Unity/wheel-of-fortune
[UnityMemory] Configuration Parameters - Can be set up in boot.config
    "memorysetup-bucket-allocator-granularity=16"
    "memorysetup-bucket-allocator-bucket-count=8"
    "memorysetup-bucket-allocator-block-size=33554432"
    "memorysetup-bucket-allocator-block-count=8"
    "memorysetup-main-allocator-block-size=16777216"
    "memorysetup-thread-allocator-block-size=16777216"
    "memorysetup-gfx-main-allocator-block-size=16777216"
    "memorysetup-gfx-thread-allocator-block-size=16777216"
    "memorysetup-cache-allocator-block-size=4194304"
    "memorysetup-typetree-allocator-block-size=2097152"
    "memorysetup-profiler-bucket-allocator-granularity=16"
    "memorysetup-profiler-bucket-allocator-bucket-count=8"
    "memorysetup-profiler-bucket-allocator-block-size=33554432"
    "memorysetup-profiler-bucket-allocator-block-count=8"
    "memorysetup-profiler-allocator-block-size=16777216"
    "memorysetup-profiler-editor-allocator-block-size=1048576"
    "memorysetup-temp-allocator-size-main=16777216"
    "memorysetup-job-temp-allocator-block-size=2097152"
    "memorysetup-job-temp-allocator-block-size-background=1048576"
    "memorysetup-job-temp-allocator-reduction-small-platforms=262144"
    "memorysetup-temp-allocator-size-background-worker=32768"
    "memorysetup-temp-allocator-size-job-worker=262144"
    "memorysetup-temp-allocator-size-preload-manager=33554432"
    "memorysetup-temp-allocator-size-nav-mesh-worker=65536"
    "memorysetup-temp-allocator-size-audio-worker=65536"
    "memorysetup-temp-allocator-size-cloud-worker=32768"
    "memorysetup-temp-allocator-size-gi-baking-worker=262144"
    "memorysetup-temp-allocator-size-gfx=262144"
Refreshing native plugins compatible for Editor in 251,50 ms, found 0 plugins.
Preloading 0 native plugins for Editor in 0,00 ms.
Initialize engine version: 2021.3.13f1 (9e7d58001ecf)
[Subsystems] Discovering subsystems at path /home/danik/Unity/Hub/Editor/2021.3.13f1/Editor/Data/Resources/UnitySubsystems
[Subsystems] Discovering subsystems at path /home/danik/Desktop/Unity/wheel-of-fortune/Assets
GLX Extensions: GLX_ARB_create_context GLX_ARB_create_context_no_error GLX_ARB_create_context_profile GLX_ARB_create_context_robustness GLX_ARB_fbconfig_float GLX_ARB_framebuffer_sRGB GLX_ARB_get_proc_address GLX_ARB_multisample GLX_EXT_buffer_age GLX_EXT_create_context_es2_profile GLX_EXT_create_context_es_profile GLX_EXT_fbconfig_packed_float GLX_EXT_framebuffer_sRGB GLX_EXT_import_context GLX_EXT_no_config_context GLX_EXT_swap_control GLX_EXT_swap_control_tear GLX_EXT_texture_from_pixmap GLX_EXT_visual_info GLX_EXT_visual_rating GLX_INTEL_swap_event GLX_MESA_copy_sub_buffer GLX_MESA_query_renderer GLX_MESA_swap_control GLX_OML_swap_method GLX_OML_sync_control GLX_SGIS_multisample GLX_SGIX_fbconfig GLX_SGIX_pbuffer GLX_SGIX_visual_select_group GLX_SGI_make_current_read GLX_SGI_swap_control GLX_SGI_video_sync 
Renderer: AMD CEDAR (DRM 2.50.0 / 5.15.0-58-generic, LLVM 12.0.0)
Vendor:   X.Org
Version:  3.3 (Core Profile) Mesa 21.2.6
GLES:     0
 GL_AMD_conservative_depth GL_AMD_depth_clamp_separate GL_AMD_draw_buffers_blend GL_AMD_multi_draw_indirect GL_AMD_performance_monitor GL_AMD_pinned_memory GL_AMD_query_buffer_object GL_AMD_seamless_cubemap_per_texture GL_AMD_shader_stencil_export GL_AMD_shader_trinary_minmax GL_AMD_texture_texture4 GL_AMD_vertex_shader_layer GL_AMD_vertex_shader_viewport_index GL_ANGLE_texture_compression_dxt3 GL_ANGLE_texture_compression_dxt5 GL_ARB_ES2_compatibility GL_ARB_ES3_1_compatibility GL_ARB_ES3_2_compatibility GL_ARB_ES3_compatibility GL_ARB_arrays_of_arrays GL_ARB_base_instance GL_ARB_blend_func_extended GL_ARB_buffer_storage GL_ARB_clear_buffer_object GL_ARB_clear_texture GL_ARB_clip_control GL_ARB_compressed_texture_pixel_storage GL_ARB_compute_shader GL_ARB_conditional_render_inverted GL_ARB_conservative_depth GL_ARB_copy_buffer GL_ARB_copy_image GL_ARB_cull_distance GL_ARB_debug_output GL_ARB_depth_buffer_float GL_ARB_depth_clamp GL_ARB_derivative_control GL_ARB_direct_state_access GL_ARB_draw_buffers GL_ARB
_draw_buffers_blend GL_ARB_draw_elements_base_vertex GL_ARB_draw_indirect GL_ARB_draw_instanced GL_ARB_enhanced_layouts GL_ARB_explicit_attrib_location GL_ARB_explicit_uniform_location GL_ARB_fragment_coord_conventions GL_ARB_fragment_layer_viewport GL_ARB_fragment_shader GL_ARB_framebuffer_no_attachments GL_ARB_framebuffer_object GL_ARB_framebuffer_sRGB GL_ARB_get_program_binary GL_ARB_get_texture_sub_image GL_ARB_gpu_shader5 GL_ARB_half_float_pixel GL_ARB_half_float_vertex GL_ARB_instanced_arrays GL_ARB_internalformat_query GL_ARB_internalformat_query2 GL_ARB_invalidate_subdata GL_ARB_map_buffer_alignment GL_ARB_map_buffer_range GL_ARB_multi_bind GL_ARB_multi_draw_indirect GL_ARB_occlusion_query2 GL_ARB_parallel_shader_compile GL_ARB_pipeline_statistics_query GL_ARB_pixel_buffer_object GL_ARB_point_sprite GL_ARB_polygon_offset_clamp GL_ARB_program_interface_query GL_ARB_provoking_vertex GL_ARB_query_buffer_object GL_ARB_robust_buffer_access_behavior GL_ARB_robustness GL_ARB_sample_shading GL_ARB_sampler_ob
jects GL_ARB_seamless_cube_map GL_ARB_seamless_cubemap_per_texture GL_ARB_separate_shader_objects GL_ARB_shader_atomic_counter_ops GL_ARB_shader_atomic_counters GL_ARB_shader_bit_encoding GL_ARB_shader_clock GL_ARB_shader_image_load_store GL_ARB_shader_image_size GL_ARB_shader_objects GL_ARB_shader_precision GL_ARB_shader_stencil_export GL_ARB_shader_storage_buffer_object GL_ARB_shader_subroutine GL_ARB_shader_texture_image_samples GL_ARB_shader_texture_lod GL_ARB_shading_language_420pack GL_ARB_shading_language_include GL_ARB_shading_language_packing GL_ARB_stencil_texturing GL_ARB_sync GL_ARB_tessellation_shader GL_ARB_texture_barrier GL_ARB_texture_buffer_object GL_ARB_texture_buffer_object_rgb32 GL_ARB_texture_buffer_range GL_ARB_texture_compression_bptc GL_ARB_texture_compression_rgtc GL_ARB_texture_cube_map_array GL_ARB_texture_filter_anisotropic GL_ARB_texture_float GL_ARB_texture_gather GL_ARB_texture_mirror_clamp_to_edge GL_ARB_texture_multisample GL_ARB_texture_non_power_of_two GL_ARB_texture_query
_levels GL_ARB_texture_query_lod GL_ARB_texture_rectangle GL_ARB_texture_rg GL_ARB_texture_rgb10_a2ui GL_ARB_texture_stencil8 GL_ARB_texture_storage GL_ARB_texture_storage_multisample GL_ARB_texture_swizzle GL_ARB_texture_view GL_ARB_timer_query GL_ARB_transform_feedback2 GL_ARB_transform_feedback3 GL_ARB_transform_feedback_instanced GL_ARB_uniform_buffer_object GL_ARB_vertex_array_bgra GL_ARB_vertex_array_object GL_ARB_vertex_attrib_binding GL_ARB_vertex_buffer_object GL_ARB_vertex_shader GL_ARB_vertex_type_10f_11f_11f_rev GL_ARB_vertex_type_2_10_10_10_rev GL_ARB_viewport_array GL_ATI_blend_equation_separate GL_ATI_meminfo GL_ATI_texture_float GL_ATI_texture_mirror_once GL_EXT_EGL_image_storage GL_EXT_EGL_sync GL_EXT_abgr GL_EXT_blend_equation_separate GL_EXT_draw_buffers2 GL_EXT_draw_instanced GL_EXT_framebuffer_blit GL_EXT_framebuffer_multisample GL_EXT_framebuffer_multisample_blit_scaled GL_EXT_framebuffer_object GL_EXT_framebuffer_sRGB GL_EXT_packed_depth_stencil GL_EXT_packed_float GL_EXT_pixel_buffer_
object GL_EXT_polygon_offset_clamp GL_EXT_provoking_vertex GL_EXT_shader_integer_mix GL_EXT_texture_array GL_EXT_texture_compression_dxt1 GL_EXT_texture_compression_rgtc GL_EXT_texture_compression_s3tc GL_EXT_texture_filter_anisotropic GL_EXT_texture_integer GL_EXT_texture_mirror_clamp GL_EXT_texture_sRGB GL_EXT_texture_sRGB_R8 GL_EXT_texture_sRGB_decode GL_EXT_texture_shared_exponent GL_EXT_texture_snorm GL_EXT_texture_swizzle GL_EXT_timer_query GL_EXT_transform_feedback GL_EXT_vertex_array_bgra GL_IBM_multimode_draw_arrays GL_KHR_context_flush_control GL_KHR_debug GL_KHR_no_error GL_KHR_parallel_shader_compile GL_KHR_robust_buffer_access_behavior GL_KHR_robustness GL_KHR_texture_compression_astc_ldr GL_KHR_texture_compression_astc_sliced_3d GL_MESA_pack_invert GL_MESA_shader_integer_functions GL_MESA_texture_signed_rgba GL_NVX_gpu_memory_info GL_NV_conditional_render GL_NV_copy_image GL_NV_depth_clamp GL_NV_packed_depth_stencil GL_NV_texture_barrier GL_NV_vdpau_interop GL_OES_EGL_image GL_S3_s3tc
OPENGL LOG: Creating OpenGL 3.3 graphics device ; Context level  <OpenGL 3.3> ; Context handle -676686240
Initialize mono
Mono path[0] = '/home/danik/Unity/Hub/Editor/2021.3.13f1/Editor/Data/Managed'
Mono path[1] = '/home/danik/Unity/Hub/Editor/2021.3.13f1/Editor/Data/MonoBleedingEdge/lib/mono/unityjit-linux'
Mono config path = '/home/danik/Unity/Hub/Editor/2021.3.13f1/Editor/Data/MonoBleedingEdge/etc'
Using monoOptions --debugger-agent=transport=dt_socket,embedding=1,server=y,suspend=n,address=127.0.0.1:56042
Begin MonoManager ReloadAssembly
Registering precompiled unity dll's ...
Register platform support module: /home/danik/Unity/Hub/Editor/2021.3.13f1/Editor/Data/PlaybackEngines/LinuxStandaloneSupport/UnityEditor.LinuxStandalone.Extensions.dll
Registered in 0,015931 seconds.
Native extension for LinuxStandalone target not found
Refreshing native plugins compatible for Editor in 233,95 ms, found 0 plugins.
Preloading 0 native plugins for Editor in 0,00 ms.
Mono: successfully reloaded assembly
- Completed reload, in  1,931 seconds
Domain Reload Profiling:
	ReloadAssembly (1932ms)
		BeginReloadAssembly (248ms)
			ExecutionOrderSort (0ms)
			DisableScriptedObjects (0ms)
			BackupInstance (0ms)
			ReleaseScriptingObjects (0ms)
			CreateAndSetChildDomain (2ms)
		EndReloadAssembly (1356ms)
			LoadAssemblies (242ms)
			RebuildTransferFunctionScriptingTraits (0ms)
			SetupTypeCache (330ms)
			ReleaseScriptCaches (0ms)
			RebuildScriptCaches (99ms)
			SetupLoadedEditorAssemblies (794ms)
				LogAssemblyErrors (0ms)
				InitializePlatformSupportModulesInManaged (25ms)
				SetLoadedEditorAssemblies (1ms)
				RefreshPlugins (234ms)
				BeforeProcessingInitializeOnLoad (3ms)
				ProcessInitializeOnLoadAttributes (397ms)
				ProcessInitializeOnLoadMethodAttributes (135ms)
				AfterProcessingInitializeOnLoad (0ms)
				EditorAssembliesLoaded (0ms)
			ExecutionOrderSort2 (0ms)
			AwakeInstancesAfterBackupRestoration (0ms)
Platform modules already initialized, skipping
Registering precompiled user dll's ...
Registered in 0,012992 seconds.
Begin MonoManager ReloadAssembly
Symbol file LoadedFromMemory doesn't match image /home/danik/Desktop/Unity/wheel-of-fortune/Library/PackageCache/com.unity.visualscripting@1.7.8/Editor/VisualScripting.Core/Dependencies/YamlDotNet/Unity.VisualScripting.YamlDotNet.dll
Symbol file LoadedFromMemory doesn't match image /home/danik/Desktop/Unity/wheel-of-fortune/Library/PackageCache/com.unity.visualscripting@1.7.8/Editor/VisualScripting.Core/Dependencies/DotNetZip/Unity.VisualScripting.IonicZip.dll
Native extension for LinuxStandalone target not found
Refreshing native plugins compatible for Editor in 1,61 ms, found 0 plugins.
Preloading 0 native plugins for Editor in 0,00 ms.
log4net:ERROR Exception while reading ConfigurationSettings. Check your .config file is well formed XML.
System.NullReferenceException: Object reference not set to an instance of an object
  at log4net.Util.SystemInfo.GetAppSetting (System.String key) [0x00002] in <e1a77b5dfa0c4a1f8ba616c017f5e0b8>:0 
log4net:ERROR Exception while reading ConfigurationSettings. Check your .config file is well formed XML.
System.NullReferenceException: Object reference not set to an instance of an object
  at log4net.Util.SystemInfo.GetAppSetting (System.String key) [0x00002] in <e1a77b5dfa0c4a1f8ba616c017f5e0b8>:0 
log4net:ERROR Exception while reading ConfigurationSettings. Check your .config file is well formed XML.
System.NullReferenceException: Object reference not set to an instance of an object
  at log4net.Util.SystemInfo.GetAppSetting (System.String key) [0x00002] in <e1a77b5dfa0c4a1f8ba616c017f5e0b8>:0 
log4net:ERROR Exception while reading ConfigurationSettings. Check your .config file is well formed XML.
System.NullReferenceException: Object reference not set to an instance of an object
  at log4net.Util.SystemInfo.GetAppSetting (System.String key) [0x00002] in <e1a77b5dfa0c4a1f8ba616c017f5e0b8>:0 
log4net:ERROR Exception while reading ConfigurationSettings. Check your .config file is well formed XML.
System.NullReferenceException: Object reference not set to an instance of an object
  at log4net.Util.SystemInfo.GetAppSetting (System.String key) [0x00002] in <e1a77b5dfa0c4a1f8ba616c017f5e0b8>:0 
log4net:ERROR Exception while reading ConfigurationSettings. Check your .config file is well formed XML.
System.NullReferenceException: Object reference not set to an instance of an object
  at log4net.Util.SystemInfo.GetAppSetting (System.String key) [0x00002] in <e1a77b5dfa0c4a1f8ba616c017f5e0b8>:0 
Mono: successfully reloaded assembly
- Completed reload, in  3,062 seconds
Domain Reload Profiling:
	ReloadAssembly (3064ms)
		BeginReloadAssembly (285ms)
			ExecutionOrderSort (0ms)
			DisableScriptedObjects (18ms)
			BackupInstance (0ms)
			ReleaseScriptingObjects (0ms)
			CreateAndSetChildDomain (55ms)
		EndReloadAssembly (2406ms)
			LoadAssemblies (189ms)
			RebuildTransferFunctionScriptingTraits (0ms)
			SetupTypeCache (864ms)
			ReleaseScriptCaches (1ms)
			RebuildScriptCaches (177ms)
			SetupLoadedEditorAssemblies (1034ms)
				LogAssemblyErrors (0ms)
				InitializePlatformSupportModulesInManaged (18ms)
				SetLoadedEditorAssemblies (4ms)
				RefreshPlugins (2ms)
				BeforeProcessingInitializeOnLoad (223ms)
				ProcessInitializeOnLoadAttributes (651ms)
				ProcessInitializeOnLoadMethodAttributes (114ms)
				AfterProcessingInitializeOnLoad (22ms)
				EditorAssembliesLoaded (0ms)
			ExecutionOrderSort2 (0ms)
			AwakeInstancesAfterBackupRestoration (13ms)
Platform modules already initialized, skipping
========================================================================
Worker process is ready to serve import requests
Launched and connected shader compiler UnityShaderCompiler after 0.13 seconds
Refreshing native plugins compatible for Editor in 2,39 ms, found 0 plugins.
Preloading 0 native plugins for Editor in 0,00 ms.
Unloading 3451 Unused Serialized files (Serialized files now loaded: 0)
Unloading 30 unused Assets / (59,7 KB). Loaded Objects now: 3931.
Memory consumption went from 136,7 MB to 136,7 MB.
Total: 10,161486 ms (FindLiveObjects: 1,073865 ms CreateObjectMapping: 0,737545 ms MarkObjects: 7,846148 ms  DeleteObjects: 0,499866 ms)

AssetImportParameters requested are different than current active one (requested -> active):
  custom:video-decoder-ogg-theora: a1e56fd34408186e4bbccfd4996cb3dc -> 
  custom:container-muxer-webm: aa71ff27fc2769a1b78a27578f13a17b -> 
  custom:container-demuxer-webm: 4f35f7cbe854078d1ac9338744f61a02 -> 
  custom:video-encoder-webm-vp8: eb34c28f22e8b96e1ab97ce403110664 -> 
  custom:audio-encoder-webm-vorbis: bf7c407c2cedff20999df2af8eb42d56 -> 
  custom:container-demuxer-ogg: 62fdf1f143b41e24485cea50d1cbac27 -> 
  custom:video-decoder-webm-vp8: 9c59270c3fd7afecdb556c50c9e8de78 -> 
  custom:audio-decoder-ogg-vorbis: bf7c407c2cedff20999df2af8eb42d56 -> 
========================================================================
Received Import Request.
  Time since last request: 12402,997105 seconds.
  path: Assets/Scripts/MenuControlers/ChoicePlayerMenu/AddPlayerControl.cs
  artifactKey: Guid(a49a4be54b62d745588b3dae286b216d) Importer(815301076,1909f56bfc062723c751e8b465ee728b)
Start importing Assets/Scripts/MenuControlers/ChoicePlayerMenu/AddPlayerControl.cs using Guid(a49a4be54b62d745588b3dae286b216d) Importer(815301076,1909f56bfc062723c751e8b465ee728b)  -> (artifact id: '00000000000000000000000000000000') in 0,003206 seconds  code(4) message(Build asset version error: assets/scripts/menucontrolers/choiceplayermenu/addplayercontrol.cs in SourceAssetDB has modification time of '2023-01-31T11:55:29Z' while content on disk has modification time of '2023-01-31T12:27:52Z')
  ERROR: Build asset version error: assets/scripts/menucontrolers/choiceplayermenu/addplayercontrol.cs in SourceAssetDB has modification time of '2023-01-31T11:55:29Z' while content on disk has modification time of '2023-01-31T12:27:52Z'
========================================================================
Received Prepare
Registering precompiled user dll's ...
Registered in 0,012292 seconds.
Begin MonoManager ReloadAssembly
Symbol file LoadedFromMemory doesn't match image /home/danik/Desktop/Unity/wheel-of-fortune/Library/PackageCache/com.unity.visualscripting@1.7.8/Editor/VisualScripting.Core/Dependencies/YamlDotNet/Unity.VisualScripting.YamlDotNet.dll
Symbol file LoadedFromMemory doesn't match image /home/danik/Desktop/Unity/wheel-of-fortune/Library/PackageCache/com.unity.visualscripting@1.7.8/Editor/VisualScripting.Core/Dependencies/DotNetZip/Unity.VisualScripting.IonicZip.dll
Native extension for LinuxStandalone target not found
Refreshing native plugins compatible for Editor in 1,89 ms, found 0 plugins.
Preloading 0 native plugins for Editor in 0,00 ms.
log4net:ERROR Exception while reading ConfigurationSettings. Check your .config file is well formed XML.
System.NullReferenceException: Object reference not set to an instance of an object
  at log4net.Util.SystemInfo.GetAppSetting (System.String key) [0x00002] in <e1a77b5dfa0c4a1f8ba616c017f5e0b8>:0 
log4net:ERROR Exception while reading ConfigurationSettings. Check your .config file is well formed XML.
System.NullReferenceException: Object reference not set to an instance of an object
  at log4net.Util.SystemInfo.GetAppSetting (System.String key) [0x00002] in <e1a77b5dfa0c4a1f8ba616c017f5e0b8>:0 
log4net:ERROR Exception while reading ConfigurationSettings. Check your .config file is well formed XML.
System.NullReferenceException: Object reference not set to an instance of an object
  at log4net.Util.SystemInfo.GetAppSetting (System.String key) [0x00002] in <e1a77b5dfa0c4a1f8ba616c017f5e0b8>:0 
log4net:ERROR Exception while reading ConfigurationSettings. Check your .config file is well formed XML.
System.NullReferenceException: Object reference not set to an instance of an object
  at log4net.Util.SystemInfo.GetAppSetting (System.String key) [0x00002] in <e1a77b5dfa0c4a1f8ba616c017f5e0b8>:0 
log4net:ERROR Exception while reading ConfigurationSettings. Check your .config file is well formed XML.
System.NullReferenceException: Object reference not set to an instance of an object
  at log4net.Util.SystemInfo.GetAppSetting (System.String key) [0x00002] in <e1a77b5dfa0c4a1f8ba616c017f5e0b8>:0 
log4net:ERROR Exception while reading ConfigurationSettings. Check your .config file is well formed XML.
System.NullReferenceException: Object reference not set to an instance of an object
  at log4net.Util.SystemInfo.GetAppSetting (System.String key) [0x00002] in <e1a77b5dfa0c4a1f8ba616c017f5e0b8>:0 
Mono: successfully reloaded assembly
- Completed reload, in  2,306 seconds
Domain Reload Profiling:
	ReloadAssembly (2307ms)
		BeginReloadAssembly (328ms)
			ExecutionOrderSort (0ms)
			DisableScriptedObjects (19ms)
			BackupInstance (0ms)
			ReleaseScriptingObjects (0ms)
			CreateAndSetChildDomain (102ms)
		EndReloadAssembly (1684ms)
			LoadAssemblies (163ms)
			RebuildTransferFunctionScriptingTraits (0ms)
			SetupTypeCache (646ms)
			ReleaseScriptCaches (3ms)
			RebuildScriptCaches (111ms)
			SetupLoadedEditorAssemblies (623ms)
				LogAssemblyErrors (0ms)
				InitializePlatformSupportModulesInManaged (23ms)
				SetLoadedEditorAssemblies (1ms)
				RefreshPlugins (2ms)
				BeforeProcessingInitializeOnLoad (131ms)
				ProcessInitializeOnLoadAttributes (374ms)
				ProcessInitializeOnLoadMethodAttributes (78ms)
				AfterProcessingInitializeOnLoad (13ms)
				EditorAssembliesLoaded (0ms)
			ExecutionOrderSort2 (0ms)
			AwakeInstancesAfterBackupRestoration (9ms)
Platform modules already initialized, skipping
Refreshing native plugins compatible for Editor in 4,67 ms, found 0 plugins.
Preloading 0 native plugins for Editor in 0,00 ms.
Unloading 3421 Unused Serialized files (Serialized files now loaded: 0)
Unloading 24 unused Assets / (59,3 KB). Loaded Objects now: 3934.
Memory consumption went from 134,1 MB to 134,0 MB.
Total: 9,432446 ms (FindLiveObjects: 0,856899 ms CreateObjectMapping: 0,464557 ms MarkObjects: 7,615959 ms  DeleteObjects: 0,491058 ms)

AssetImportParameters requested are different than current active one (requested -> active):
  custom:video-decoder-ogg-theora: a1e56fd34408186e4bbccfd4996cb3dc -> 
  custom:container-muxer-webm: aa71ff27fc2769a1b78a27578f13a17b -> 
  custom:container-demuxer-webm: 4f35f7cbe854078d1ac9338744f61a02 -> 
  custom:video-encoder-webm-vp8: eb34c28f22e8b96e1ab97ce403110664 -> 
  custom:audio-encoder-webm-vorbis: bf7c407c2cedff20999df2af8eb42d56 -> 
  custom:container-demuxer-ogg: 62fdf1f143b41e24485cea50d1cbac27 -> 
  custom:video-decoder-webm-vp8: 9c59270c3fd7afecdb556c50c9e8de78 -> 
  custom:audio-decoder-ogg-vorbis: bf7c407c2cedff20999df2af8eb42d56 -> 
========================================================================
Received Prepare
Registering precompiled user dll's ...
Registered in 0,016208 seconds.
Begin MonoManager ReloadAssembly
Symbol file LoadedFromMemory doesn't match image /home/danik/Desktop/Unity/wheel-of-fortune/Library/PackageCache/com.unity.visualscripting@1.7.8/Editor/VisualScripting.Core/Dependencies/YamlDotNet/Unity.VisualScripting.YamlDotNet.dll
Symbol file LoadedFromMemory doesn't match image /home/danik/Desktop/Unity/wheel-of-fortune/Library/PackageCache/com.unity.visualscripting@1.7.8/Editor/VisualScripting.Core/Dependencies/DotNetZip/Unity.VisualScripting.IonicZip.dll
Native extension for LinuxStandalone target not found
Refreshing native plugins compatible for Editor in 2,16 ms, found 0 plugins.
Preloading 0 native plugins for Editor in 0,00 ms.
log4net:ERROR Exception while reading ConfigurationSettings. Check your .config file is well formed XML.
System.NullReferenceException: Object reference not set to an instance of an object
  at log4net.Util.SystemInfo.GetAppSetting (System.String key) [0x00002] in <e1a77b5dfa0c4a1f8ba616c017f5e0b8>:0 
log4net:ERROR Exception while reading ConfigurationSettings. Check your .config file is well formed XML.
System.NullReferenceException: Object reference not set to an instance of an object
  at log4net.Util.SystemInfo.GetAppSetting (System.String key) [0x00002] in <e1a77b5dfa0c4a1f8ba616c017f5e0b8>:0 
log4net:ERROR Exception while reading ConfigurationSettings. Check your .config file is well formed XML.
System.NullReferenceException: Object reference not set to an instance of an object
  at log4net.Util.SystemInfo.GetAppSetting (System.String key) [0x00002] in <e1a77b5dfa0c4a1f8ba616c017f5e0b8>:0 
log4net:ERROR Exception while reading ConfigurationSettings. Check your .config file is well formed XML.
System.NullReferenceException: Object reference not set to an instance of an object
  at log4net.Util.SystemInfo.GetAppSetting (System.String key) [0x00002] in <e1a77b5dfa0c4a1f8ba616c017f5e0b8>:0 
log4net:ERROR Exception while reading ConfigurationSettings. Check your .config file is well formed XML.
System.NullReferenceException: Object reference not set to an instance of an object
  at log4net.Util.SystemInfo.GetAppSetting (System.String key) [0x00002] in <e1a77b5dfa0c4a1f8ba616c017f5e0b8>:0 
log4net:ERROR Exception while reading ConfigurationSettings. Check your .config file is well formed XML.
System.NullReferenceException: Object reference not set to an instance of an object
  at log4net.Util.SystemInfo.GetAppSetting (System.String key) [0x00002] in <e1a77b5dfa0c4a1f8ba616c017f5e0b8>:0 
Mono: successfully reloaded assembly
- Completed reload, in  2,426 seconds
Domain Reload Profiling:
	ReloadAssembly (2428ms)
		BeginReloadAssembly (261ms)
			ExecutionOrderSort (0ms)
			DisableScriptedObjects (15ms)
			BackupInstance (0ms)
			ReleaseScriptingObjects (0ms)
			CreateAndSetChildDomain (80ms)
		EndReloadAssembly (1894ms)
			LoadAssemblies (143ms)
			RebuildTransferFunctionScriptingTraits (0ms)
			SetupTypeCache (729ms)
			ReleaseScriptCaches (3ms)
			RebuildScriptCaches (128ms)
			SetupLoadedEditorAssemblies (745ms)
				LogAssemblyErrors (0ms)
				InitializePlatformSupportModulesInManaged (29ms)
				SetLoadedEditorAssemblies (1ms)
				RefreshPlugins (2ms)
				BeforeProcessingInitializeOnLoad (155ms)
				ProcessInitializeOnLoadAttributes (454ms)
				ProcessInitializeOnLoadMethodAttributes (88ms)
				AfterProcessingInitializeOnLoad (15ms)
				EditorAssembliesLoaded (0ms)
			ExecutionOrderSort2 (0ms)
			AwakeInstancesAfterBackupRestoration (11ms)
Platform modules already initialized, skipping
Refreshing native plugins compatible for Editor in 5,65 ms, found 0 plugins.
Preloading 0 native plugins for Editor in 0,00 ms.
Unloading 3421 Unused Serialized files (Serialized files now loaded: 0)
Unloading 24 unused Assets / (59,2 KB). Loaded Objects now: 3937.
Memory consumption went from 134,1 MB to 134,0 MB.
Total: 8,633750 ms (FindLiveObjects: 0,935329 ms CreateObjectMapping: 0,442814 ms MarkObjects: 6,649169 ms  DeleteObjects: 0,602312 ms)

AssetImportParameters requested are different than current active one (requested -> active):
  custom:video-decoder-ogg-theora: a1e56fd34408186e4bbccfd4996cb3dc -> 
  custom:container-muxer-webm: aa71ff27fc2769a1b78a27578f13a17b -> 
  custom:container-demuxer-webm: 4f35f7cbe854078d1ac9338744f61a02 -> 
  custom:video-encoder-webm-vp8: eb34c28f22e8b96e1ab97ce403110664 -> 
  custom:audio-encoder-webm-vorbis: bf7c407c2cedff20999df2af8eb42d56 -> 
  custom:container-demuxer-ogg: 62fdf1f143b41e24485cea50d1cbac27 -> 
  custom:video-decoder-webm-vp8: 9c59270c3fd7afecdb556c50c9e8de78 -> 
  custom:audio-decoder-ogg-vorbis: bf7c407c2cedff20999df2af8eb42d56 -> 
========================================================================
Received Import Request.
  Time since last request: 156,845694 seconds.
  path: Assets/Scripts/MenuControlers/ChoicePlayerMenu/AddPlayerControl.cs
  artifactKey: Guid(a49a4be54b62d745588b3dae286b216d) Importer(815301076,1909f56bfc062723c751e8b465ee728b)
Start importing Assets/Scripts/MenuControlers/ChoicePlayerMenu/AddPlayerControl.cs using Guid(a49a4be54b62d745588b3dae286b216d) Importer(815301076,1909f56bfc062723c751e8b465ee728b)  -> (artifact id: '00000000000000000000000000000000') in 0,004397 seconds  code(4) message(Build asset version error: assets/scripts/menucontrolers/choiceplayermenu/addplayercontrol.cs in SourceAssetDB has modification time of '2023-01-31T11:55:29Z' while content on disk has modification time of '2023-01-31T12:27:52Z')
  ERROR: Build asset version error: assets/scripts/menucontrolers/choiceplayermenu/addplayercontrol.cs in SourceAssetDB has modification time of '2023-01-31T11:55:29Z' while content on disk has modification time of '2023-01-31T12:27:52Z'
========================================================================
Received Import Request.
  Time since last request: 61,591097 seconds.
  path: Assets/Scripts/MenuControlers/ChoicePlayerMenu/AddPlayerControl.cs
  artifactKey: Guid(a49a4be54b62d745588b3dae286b216d) Importer(815301076,1909f56bfc062723c751e8b465ee728b)
Start importing Assets/Scripts/MenuControlers/ChoicePlayerMenu/AddPlayerControl.cs using Guid(a49a4be54b62d745588b3dae286b216d) Importer(815301076,1909f56bfc062723c751e8b465ee728b)  -> (artifact id: '00000000000000000000000000000000') in 0,001586 seconds  code(4) message(Build asset version error: assets/scripts/menucontrolers/choiceplayermenu/addplayercontrol.cs in SourceAssetDB has modification time of '2023-01-31T11:55:29Z' while content on disk has modification time of '2023-01-31T12:27:52Z')
  ERROR: Build asset version error: assets/scripts/menucontrolers/choiceplayermenu/addplayercontrol.cs in SourceAssetDB has modification time of '2023-01-31T11:55:29Z' while content on disk has modification time of '2023-01-31T12:27:52Z'
========================================================================
Received Prepare
Registering precompiled user dll's ...
Registered in 0,013055 seconds.
Begin MonoManager ReloadAssembly
Symbol file LoadedFromMemory doesn't match image /home/danik/Desktop/Unity/wheel-of-fortune/Library/PackageCache/com.unity.visualscripting@1.7.8/Editor/VisualScripting.Core/Dependencies/YamlDotNet/Unity.VisualScripting.YamlDotNet.dll
Symbol file LoadedFromMemory doesn't match image /home/danik/Desktop/Unity/wheel-of-fortune/Library/PackageCache/com.unity.visualscripting@1.7.8/Editor/VisualScripting.Core/Dependencies/DotNetZip/Unity.VisualScripting.IonicZip.dll
Native extension for LinuxStandalone target not found
Refreshing native plugins compatible for Editor in 1,36 ms, found 0 plugins.
Preloading 0 native plugins for Editor in 0,00 ms.
log4net:ERROR Exception while reading ConfigurationSettings. Check your .config file is well formed XML.
System.NullReferenceException: Object reference not set to an instance of an object
  at log4net.Util.SystemInfo.GetAppSetting (System.String key) [0x00002] in <e1a77b5dfa0c4a1f8ba616c017f5e0b8>:0 
log4net:ERROR Exception while reading ConfigurationSettings. Check your .config file is well formed XML.
System.NullReferenceException: Object reference not set to an instance of an object
  at log4net.Util.SystemInfo.GetAppSetting (System.String key) [0x00002] in <e1a77b5dfa0c4a1f8ba616c017f5e0b8>:0 
log4net:ERROR Exception while reading ConfigurationSettings. Check your .config file is well formed XML.
System.NullReferenceException: Object reference not set to an instance of an object
  at log4net.Util.SystemInfo.GetAppSetting (System.String key) [0x00002] in <e1a77b5dfa0c4a1f8ba616c017f5e0b8>:0 
log4net:ERROR Exception while reading ConfigurationSettings. Check your .config file is well formed XML.
System.NullReferenceException: Object reference not set to an instance of an object
  at log4net.Util.SystemInfo.GetAppSetting (System.String key) [0x00002] in <e1a77b5dfa0c4a1f8ba616c017f5e0b8>:0 
log4net:ERROR Exception while reading ConfigurationSettings. Check your .config file is well formed XML.
System.NullReferenceException: Object reference not set to an instance of an object
  at log4net.Util.SystemInfo.GetAppSetting (System.String key) [0x00002] in <e1a77b5dfa0c4a1f8ba616c017f5e0b8>:0 
log4net:ERROR Exception while reading ConfigurationSettings. Check your .config file is well formed XML.
System.NullReferenceException: Object reference not set to an instance of an object
  at log4net.Util.SystemInfo.GetAppSetting (System.String key) [0x00002] in <e1a77b5dfa0c4a1f8ba616c017f5e0b8>:0 
Mono: successfully reloaded assembly
- Completed reload, in  2,544 seconds
Domain Reload Profiling:
	ReloadAssembly (2555ms)
		BeginReloadAssembly (313ms)
			ExecutionOrderSort (0ms)
			DisableScriptedObjects (22ms)
			BackupInstance (0ms)
			ReleaseScriptingObjects (0ms)
			CreateAndSetChildDomain (104ms)
		EndReloadAssembly (1938ms)
			LoadAssemblies (150ms)
			RebuildTransferFunctionScriptingTraits (0ms)
			SetupTypeCache (738ms)
			ReleaseScriptCaches (2ms)
			RebuildScriptCaches (127ms)
			SetupLoadedEditorAssemblies (764ms)
				LogAssemblyErrors (0ms)
				InitializePlatformSupportModulesInManaged (30ms)
				SetLoadedEditorAssemblies (1ms)
				RefreshPlugins (1ms)
				BeforeProcessingInitializeOnLoad (157ms)
				ProcessInitializeOnLoadAttributes (468ms)
				ProcessInitializeOnLoadMethodAttributes (88ms)
				AfterProcessingInitializeOnLoad (19ms)
				EditorAssembliesLoaded (1ms)
			ExecutionOrderSort2 (0ms)
			AwakeInstancesAfterBackupRestoration (12ms)
Platform modules already initialized, skipping
Refreshing native plugins compatible for Editor in 4,89 ms, found 0 plugins.
Preloading 0 native plugins for Editor in 0,00 ms.
Unloading 3421 Unused Serialized files (Serialized files now loaded: 0)
Unloading 24 unused Assets / (59,2 KB). Loaded Objects now: 3940.
Memory consumption went from 134,1 MB to 134,0 MB.
Total: 12,253695 ms (FindLiveObjects: 0,781411 ms CreateObjectMapping: 0,306067 ms MarkObjects: 10,507804 ms  DeleteObjects: 0,654526 ms)

AssetImportParameters requested are different than current active one (requested -> active):
  custom:video-decoder-ogg-theora: a1e56fd34408186e4bbccfd4996cb3dc -> 
  custom:container-muxer-webm: aa71ff27fc2769a1b78a27578f13a17b -> 
  custom:container-demuxer-webm: 4f35f7cbe854078d1ac9338744f61a02 -> 
  custom:video-encoder-webm-vp8: eb34c28f22e8b96e1ab97ce403110664 -> 
  custom:audio-encoder-webm-vorbis: bf7c407c2cedff20999df2af8eb42d56 -> 
  custom:container-demuxer-ogg: 62fdf1f143b41e24485cea50d1cbac27 -> 
  custom:video-decoder-webm-vp8: 9c59270c3fd7afecdb556c50c9e8de78 -> 
  custom:audio-decoder-ogg-vorbis: bf7c407c2cedff20999df2af8eb42d56 -> 
========================================================================
Received Import Request.
  Time since last request: 12,264339 seconds.
  path: Assets/Scripts/MenuControlers/ChoicePlayerMenu/AddPlayerControl.cs
  artifactKey: Guid(a49a4be54b62d745588b3dae286b216d) Importer(815301076,1909f56bfc062723c751e8b465ee728b)
Start importing Assets/Scripts/MenuControlers/ChoicePlayerMenu/AddPlayerControl.cs using Guid(a49a4be54b62d745588b3dae286b216d) Importer(815301076,1909f56bfc062723c751e8b465ee728b)  -> (artifact id: '00000000000000000000000000000000') in 0,003069 seconds  code(4) message(Build asset version error: assets/scripts/menucontrolers/choiceplayermenu/addplayercontrol.cs in SourceAssetDB has modification time of '2023-01-31T11:55:29Z' while content on disk has modification time of '2023-01-31T12:27:52Z')
  ERROR: Build asset version error: assets/scripts/menucontrolers/choiceplayermenu/addplayercontrol.cs in SourceAssetDB has modification time of '2023-01-31T11:55:29Z' while content on disk has modification time of '2023-01-31T12:27:52Z'
========================================================================
Received Import Request.
  Time since last request: 164,752513 seconds.
  path: Assets/Scripts/MenuControlers/ChoicePlayerMenu/AddPlayerControl.cs
  artifactKey: Guid(a49a4be54b62d745588b3dae286b216d) Importer(815301076,1909f56bfc062723c751e8b465ee728b)
Start importing Assets/Scripts/MenuControlers/ChoicePlayerMenu/AddPlayerControl.cs using Guid(a49a4be54b62d745588b3dae286b216d) Importer(815301076,1909f56bfc062723c751e8b465ee728b)  -> (artifact id: '00000000000000000000000000000000') in 0,000690 seconds  code(4) message(Build asset version error: assets/scripts/menucontrolers/choiceplayermenu/addplayercontrol.cs in SourceAssetDB has modification time of '2023-01-31T11:55:29Z' while content on disk has modification time of '2023-01-31T12:27:52Z')
  ERROR: Build asset version error: assets/scripts/menucontrolers/choiceplayermenu/addplayercontrol.cs in SourceAssetDB has modification time of '2023-01-31T11:55:29Z' while content on disk has modification time of '2023-01-31T12:27:52Z'
========================================================================
Received Import Request.
  Time since last request: 19,802836 seconds.
  path: Assets/Scripts/MenuControlers/ChoicePlayerMenu/AddPlayerControl.cs
  artifactKey: Guid(a49a4be54b62d745588b3dae286b216d) Importer(815301076,1909f56bfc062723c751e8b465ee728b)
Start importing Assets/Scripts/MenuControlers/ChoicePlayerMenu/AddPlayerControl.cs using Guid(a49a4be54b62d745588b3dae286b216d) Importer(815301076,1909f56bfc062723c751e8b465ee728b)  -> (artifact id: '00000000000000000000000000000000') in 0,001008 seconds  code(4) message(Build asset version error: assets/scripts/menucontrolers/choiceplayermenu/addplayercontrol.cs in SourceAssetDB has modification time of '2023-01-31T11:55:29Z' while content on disk has modification time of '2023-01-31T12:27:52Z')
  ERROR: Build asset version error: assets/scripts/menucontrolers/choiceplayermenu/addplayercontrol.cs in SourceAssetDB has modification time of '2023-01-31T11:55:29Z' while content on disk has modification time of '2023-01-31T12:27:52Z'
========================================================================
Received Import Request.
  Time since last request: 30,352974 seconds.
  path: Assets/Scripts/MenuControlers/ChoicePlayerMenu/AddPlayerControl.cs
  artifactKey: Guid(a49a4be54b62d745588b3dae286b216d) Importer(815301076,1909f56bfc062723c751e8b465ee728b)
Start importing Assets/Scripts/MenuControlers/ChoicePlayerMenu/AddPlayerControl.cs using Guid(a49a4be54b62d745588b3dae286b216d) Importer(815301076,1909f56bfc062723c751e8b465ee728b)  -> (artifact id: '00000000000000000000000000000000') in 0,000690 seconds  code(4) message(Build asset version error: assets/scripts/menucontrolers/choiceplayermenu/addplayercontrol.cs in SourceAssetDB has modification time of '2023-01-31T11:55:29Z' while content on disk has modification time of '2023-01-31T12:27:52Z')
  ERROR: Build asset version error: assets/scripts/menucontrolers/choiceplayermenu/addplayercontrol.cs in SourceAssetDB has modification time of '2023-01-31T11:55:29Z' while content on disk has modification time of '2023-01-31T12:27:52Z'
========================================================================
Received Prepare
Registering precompiled user dll's ...
Registered in 0,009797 seconds.
Begin MonoManager ReloadAssembly
Symbol file LoadedFromMemory doesn't match image /home/danik/Desktop/Unity/wheel-of-fortune/Library/PackageCache/com.unity.visualscripting@1.7.8/Editor/VisualScripting.Core/Dependencies/YamlDotNet/Unity.VisualScripting.YamlDotNet.dll
Symbol file LoadedFromMemory doesn't match image /home/danik/Desktop/Unity/wheel-of-fortune/Library/PackageCache/com.unity.visualscripting@1.7.8/Editor/VisualScripting.Core/Dependencies/DotNetZip/Unity.VisualScripting.IonicZip.dll
Native extension for LinuxStandalone target not found
Refreshing native plugins compatible for Editor in 2,05 ms, found 0 plugins.
Preloading 0 native plugins for Editor in 0,00 ms.
log4net:ERROR Exception while reading ConfigurationSettings. Check your .config file is well formed XML.
System.NullReferenceException: Object reference not set to an instance of an object
  at log4net.Util.SystemInfo.GetAppSetting (System.String key) [0x00002] in <e1a77b5dfa0c4a1f8ba616c017f5e0b8>:0 
log4net:ERROR Exception while reading ConfigurationSettings. Check your .config file is well formed XML.
System.NullReferenceException: Object reference not set to an instance of an object
  at log4net.Util.SystemInfo.GetAppSetting (System.String key) [0x00002] in <e1a77b5dfa0c4a1f8ba616c017f5e0b8>:0 
log4net:ERROR Exception while reading ConfigurationSettings. Check your .config file is well formed XML.
System.NullReferenceException: Object reference not set to an instance of an object
  at log4net.Util.SystemInfo.GetAppSetting (System.String key) [0x00002] in <e1a77b5dfa0c4a1f8ba616c017f5e0b8>:0 
log4net:ERROR Exception while reading ConfigurationSettings. Check your .config file is well formed XML.
System.NullReferenceException: Object reference not set to an instance of an object
  at log4net.Util.SystemInfo.GetAppSetting (System.String key) [0x00002] in <e1a77b5dfa0c4a1f8ba616c017f5e0b8>:0 
log4net:ERROR Exception while reading ConfigurationSettings. Check your .config file is well formed XML.
System.NullReferenceException: Object reference not set to an instance of an object
  at log4net.Util.SystemInfo.GetAppSetting (System.String key) [0x00002] in <e1a77b5dfa0c4a1f8ba616c017f5e0b8>:0 
log4net:ERROR Exception while reading ConfigurationSettings. Check your .config file is well formed XML.
System.NullReferenceException: Object reference not set to an instance of an object
  at log4net.Util.SystemInfo.GetAppSetting (System.String key) [0x00002] in <e1a77b5dfa0c4a1f8ba616c017f5e0b8>:0 
Mono: successfully reloaded assembly
- Completed reload, in  2,875 seconds
Domain Reload Profiling:
	ReloadAssembly (2877ms)
		BeginReloadAssembly (264ms)
			ExecutionOrderSort (0ms)
			DisableScriptedObjects (15ms)
			BackupInstance (0ms)
			ReleaseScriptingObjects (0ms)
			CreateAndSetChildDomain (84ms)
		EndReloadAssembly (2378ms)
			LoadAssemblies (135ms)
			RebuildTransferFunctionScriptingTraits (0ms)
			SetupTypeCache (688ms)
			ReleaseScriptCaches (3ms)
			RebuildScriptCaches (125ms)
			SetupLoadedEditorAssemblies (1176ms)
				LogAssemblyErrors (0ms)
				InitializePlatformSupportModulesInManaged (28ms)
				SetLoadedEditorAssemblies (2ms)
				RefreshPlugins (2ms)
				BeforeProcessingInitializeOnLoad (208ms)
				ProcessInitializeOnLoadAttributes (748ms)
				ProcessInitializeOnLoadMethodAttributes (163ms)
				AfterProcessingInitializeOnLoad (24ms)
				EditorAssembliesLoaded (1ms)
			ExecutionOrderSort2 (0ms)
			AwakeInstancesAfterBackupRestoration (31ms)
Platform modules already initialized, skipping
Refreshing native plugins compatible for Editor in 5,89 ms, found 0 plugins.
Preloading 0 native plugins for Editor in 0,00 ms.
Unloading 3421 Unused Serialized files (Serialized files now loaded: 0)
Unloading 24 unused Assets / (59,2 KB). Loaded Objects now: 3943.
Memory consumption went from 134,1 MB to 134,0 MB.
Total: 10,077363 ms (FindLiveObjects: 0,923258 ms CreateObjectMapping: 0,519643 ms MarkObjects: 8,077759 ms  DeleteObjects: 0,553360 ms)

AssetImportParameters requested are different than current active one (requested -> active):
  custom:video-decoder-ogg-theora: a1e56fd34408186e4bbccfd4996cb3dc -> 
  custom:container-muxer-webm: aa71ff27fc2769a1b78a27578f13a17b -> 
  custom:container-demuxer-webm: 4f35f7cbe854078d1ac9338744f61a02 -> 
  custom:video-encoder-webm-vp8: eb34c28f22e8b96e1ab97ce403110664 -> 
  custom:audio-encoder-webm-vorbis: bf7c407c2cedff20999df2af8eb42d56 -> 
  custom:container-demuxer-ogg: 62fdf1f143b41e24485cea50d1cbac27 -> 
  custom:video-decoder-webm-vp8: 9c59270c3fd7afecdb556c50c9e8de78 -> 
  custom:audio-decoder-ogg-vorbis: bf7c407c2cedff20999df2af8eb42d56 -> 
========================================================================
Received Prepare
Registering precompiled user dll's ...
Registered in 0,011871 seconds.
Begin MonoManager ReloadAssembly
Symbol file LoadedFromMemory doesn't match image /home/danik/Desktop/Unity/wheel-of-fortune/Library/PackageCache/com.unity.visualscripting@1.7.8/Editor/VisualScripting.Core/Dependencies/YamlDotNet/Unity.VisualScripting.YamlDotNet.dll
Symbol file LoadedFromMemory doesn't match image /home/danik/Desktop/Unity/wheel-of-fortune/Library/PackageCache/com.unity.visualscripting@1.7.8/Editor/VisualScripting.Core/Dependencies/DotNetZip/Unity.VisualScripting.IonicZip.dll
Native extension for LinuxStandalone target not found
Refreshing native plugins compatible for Editor in 1,48 ms, found 0 plugins.
Preloading 0 native plugins for Editor in 0,00 ms.
log4net:ERROR Exception while reading ConfigurationSettings. Check your .config file is well formed XML.
System.NullReferenceException: Object reference not set to an instance of an object
  at log4net.Util.SystemInfo.GetAppSetting (System.String key) [0x00002] in <e1a77b5dfa0c4a1f8ba616c017f5e0b8>:0 
log4net:ERROR Exception while reading ConfigurationSettings. Check your .config file is well formed XML.
System.NullReferenceException: Object reference not set to an instance of an object
  at log4net.Util.SystemInfo.GetAppSetting (System.String key) [0x00002] in <e1a77b5dfa0c4a1f8ba616c017f5e0b8>:0 
log4net:ERROR Exception while reading ConfigurationSettings. Check your .config file is well formed XML.
System.NullReferenceException: Object reference not set to an instance of an object
  at log4net.Util.SystemInfo.GetAppSetting (System.String key) [0x00002] in <e1a77b5dfa0c4a1f8ba616c017f5e0b8>:0 
log4net:ERROR Exception while reading ConfigurationSettings. Check your .config file is well formed XML.
System.NullReferenceException: Object reference not set to an instance of an object
  at log4net.Util.SystemInfo.GetAppSetting (System.String key) [0x00002] in <e1a77b5dfa0c4a1f8ba616c017f5e0b8>:0 
log4net:ERROR Exception while reading ConfigurationSettings. Check your .config file is well formed XML.
System.NullReferenceException: Object reference not set to an instance of an object
  at log4net.Util.SystemInfo.GetAppSetting (System.String key) [0x00002] in <e1a77b5dfa0c4a1f8ba616c017f5e0b8>:0 
log4net:ERROR Exception while reading ConfigurationSettings. Check your .config file is well formed XML.
System.NullReferenceException: Object reference not set to an instance of an object
  at log4net.Util.SystemInfo.GetAppSetting (System.String key) [0x00002] in <e1a77b5dfa0c4a1f8ba616c017f5e0b8>:0 
Mono: successfully reloaded assembly
- Completed reload, in  2,532 seconds
Domain Reload Profiling:
	ReloadAssembly (2533ms)
		BeginReloadAssembly (318ms)
			ExecutionOrderSort (0ms)
			DisableScriptedObjects (17ms)
			BackupInstance (0ms)
			ReleaseScriptingObjects (0ms)
			CreateAndSetChildDomain (108ms)
		EndReloadAssembly (1924ms)
			LoadAssemblies (159ms)
			RebuildTransferFunctionScriptingTraits (0ms)
			SetupTypeCache (771ms)
			ReleaseScriptCaches (3ms)
			RebuildScriptCaches (129ms)
			SetupLoadedEditorAssemblies (742ms)
				LogAssemblyErrors (0ms)
				InitializePlatformSupportModulesInManaged (27ms)
				SetLoadedEditorAssemblies (1ms)
				RefreshPlugins (2ms)
				BeforeProcessingInitializeOnLoad (163ms)
				ProcessInitializeOnLoadAttributes (455ms)
				ProcessInitializeOnLoadMethodAttributes (80ms)
				AfterProcessingInitializeOnLoad (13ms)
				EditorAssembliesLoaded (1ms)
			ExecutionOrderSort2 (0ms)
			AwakeInstancesAfterBackupRestoration (9ms)
Platform modules already initialized, skipping
Refreshing native plugins compatible for Editor in 7,54 ms, found 0 plugins.
Preloading 0 native plugins for Editor in 0,00 ms.
Unloading 3421 Unused Serialized files (Serialized files now loaded: 0)
Unloading 24 unused Assets / (58,7 KB). Loaded Objects now: 3946.
Memory consumption went from 134,1 MB to 134,1 MB.
Total: 12,059503 ms (FindLiveObjects: 0,892458 ms CreateObjectMapping: 0,287050 ms MarkObjects: 10,113972 ms  DeleteObjects: 0,761755 ms)

AssetImportParameters requested are different than current active one (requested -> active):
  custom:video-decoder-ogg-theora: a1e56fd34408186e4bbccfd4996cb3dc -> 
  custom:container-muxer-webm: aa71ff27fc2769a1b78a27578f13a17b -> 
  custom:container-demuxer-webm: 4f35f7cbe854078d1ac9338744f61a02 -> 
  custom:video-encoder-webm-vp8: eb34c28f22e8b96e1ab97ce403110664 -> 
  custom:audio-encoder-webm-vorbis: bf7c407c2cedff20999df2af8eb42d56 -> 
  custom:container-demuxer-ogg: 62fdf1f143b41e24485cea50d1cbac27 -> 
  custom:video-decoder-webm-vp8: 9c59270c3fd7afecdb556c50c9e8de78 -> 
  custom:audio-decoder-ogg-vorbis: bf7c407c2cedff20999df2af8eb42d56 -> 
========================================================================
Received Prepare
Registering precompiled user dll's ...
Registered in 0,012956 seconds.
Begin MonoManager ReloadAssembly
Symbol file LoadedFromMemory doesn't match image /home/danik/Desktop/Unity/wheel-of-fortune/Library/PackageCache/com.unity.visualscripting@1.7.8/Editor/VisualScripting.Core/Dependencies/YamlDotNet/Unity.VisualScripting.YamlDotNet.dll
Symbol file LoadedFromMemory doesn't match image /home/danik/Desktop/Unity/wheel-of-fortune/Library/PackageCache/com.unity.visualscripting@1.7.8/Editor/VisualScripting.Core/Dependencies/DotNetZip/Unity.VisualScripting.IonicZip.dll
Native extension for LinuxStandalone target not found
Refreshing native plugins compatible for Editor in 2,05 ms, found 0 plugins.
Preloading 0 native plugins for Editor in 0,00 ms.
log4net:ERROR Exception while reading ConfigurationSettings. Check your .config file is well formed XML.
System.NullReferenceException: Object reference not set to an instance of an object
  at log4net.Util.SystemInfo.GetAppSetting (System.String key) [0x00002] in <e1a77b5dfa0c4a1f8ba616c017f5e0b8>:0 
log4net:ERROR Exception while reading ConfigurationSettings. Check your .config file is well formed XML.
System.NullReferenceException: Object reference not set to an instance of an object
  at log4net.Util.SystemInfo.GetAppSetting (System.String key) [0x00002] in <e1a77b5dfa0c4a1f8ba616c017f5e0b8>:0 
log4net:ERROR Exception while reading ConfigurationSettings. Check your .config file is well formed XML.
System.NullReferenceException: Object reference not set to an instance of an object
  at log4net.Util.SystemInfo.GetAppSetting (System.String key) [0x00002] in <e1a77b5dfa0c4a1f8ba616c017f5e0b8>:0 
log4net:ERROR Exception while reading ConfigurationSettings. Check your .config file is well formed XML.
System.NullReferenceException: Object reference not set to an instance of an object
  at log4net.Util.SystemInfo.GetAppSetting (System.String key) [0x00002] in <e1a77b5dfa0c4a1f8ba616c017f5e0b8>:0 
log4net:ERROR Exception while reading ConfigurationSettings. Check your .config file is well formed XML.
System.NullReferenceException: Object reference not set to an instance of an object
  at log4net.Util.SystemInfo.GetAppSetting (System.String key) [0x00002] in <e1a77b5dfa0c4a1f8ba616c017f5e0b8>:0 
log4net:ERROR Exception while reading ConfigurationSettings. Check your .config file is well formed XML.
System.NullReferenceException: Object reference not set to an instance of an object
  at log4net.Util.SystemInfo.GetAppSetting (System.String key) [0x00002] in <e1a77b5dfa0c4a1f8ba616c017f5e0b8>:0 
Mono: successfully reloaded assembly
- Completed reload, in  2,679 seconds
Domain Reload Profiling:
	ReloadAssembly (2680ms)
		BeginReloadAssembly (305ms)
			ExecutionOrderSort (0ms)
			DisableScriptedObjects (16ms)
			BackupInstance (0ms)
			ReleaseScriptingObjects (0ms)
			CreateAndSetChildDomain (103ms)
		EndReloadAssembly (2038ms)
			LoadAssemblies (170ms)
			RebuildTransferFunctionScriptingTraits (0ms)
			SetupTypeCache (837ms)
			ReleaseScriptCaches (3ms)
			RebuildScriptCaches (124ms)
			SetupLoadedEditorAssemblies (778ms)
				LogAssemblyErrors (0ms)
				InitializePlatformSupportModulesInManaged (28ms)
				SetLoadedEditorAssemblies (1ms)
				RefreshPlugins (2ms)
				BeforeProcessingInitializeOnLoad (167ms)
				ProcessInitializeOnLoadAttributes (485ms)
				ProcessInitializeOnLoadMethodAttributes (77ms)
				AfterProcessingInitializeOnLoad (15ms)
				EditorAssembliesLoaded (1ms)
			ExecutionOrderSort2 (0ms)
			AwakeInstancesAfterBackupRestoration (11ms)
Platform modules already initialized, skipping
Refreshing native plugins compatible for Editor in 5,40 ms, found 0 plugins.
Preloading 0 native plugins for Editor in 0,00 ms.
Unloading 3421 Unused Serialized files (Serialized files now loaded: 0)
Unloading 24 unused Assets / (58,6 KB). Loaded Objects now: 3949.
Memory consumption went from 134,1 MB to 134,1 MB.
Total: 9,280744 ms (FindLiveObjects: 0,767722 ms CreateObjectMapping: 0,278558 ms MarkObjects: 7,646420 ms  DeleteObjects: 0,584040 ms)

AssetImportParameters requested are different than current active one (requested -> active):
  custom:video-decoder-ogg-theora: a1e56fd34408186e4bbccfd4996cb3dc -> 
  custom:container-muxer-webm: aa71ff27fc2769a1b78a27578f13a17b -> 
  custom:container-demuxer-webm: 4f35f7cbe854078d1ac9338744f61a02 -> 
  custom:video-encoder-webm-vp8: eb34c28f22e8b96e1ab97ce403110664 -> 
  custom:audio-encoder-webm-vorbis: bf7c407c2cedff20999df2af8eb42d56 -> 
  custom:container-demuxer-ogg: 62fdf1f143b41e24485cea50d1cbac27 -> 
  custom:video-decoder-webm-vp8: 9c59270c3fd7afecdb556c50c9e8de78 -> 
  custom:audio-decoder-ogg-vorbis: bf7c407c2cedff20999df2af8eb42d56 -> 
========================================================================
Received Prepare
Registering precompiled user dll's ...
Registered in 0,011790 seconds.
Begin MonoManager ReloadAssembly
Symbol file LoadedFromMemory doesn't match image /home/danik/Desktop/Unity/wheel-of-fortune/Library/PackageCache/com.unity.visualscripting@1.7.8/Editor/VisualScripting.Core/Dependencies/YamlDotNet/Unity.VisualScripting.YamlDotNet.dll
Symbol file LoadedFromMemory doesn't match image /home/danik/Desktop/Unity/wheel-of-fortune/Library/PackageCache/com.unity.visualscripting@1.7.8/Editor/VisualScripting.Core/Dependencies/DotNetZip/Unity.VisualScripting.IonicZip.dll
Native extension for LinuxStandalone target not found
Refreshing native plugins compatible for Editor in 1,55 ms, found 0 plugins.
Preloading 0 native plugins for Editor in 0,00 ms.
log4net:ERROR Exception while reading ConfigurationSettings. Check your .config file is well formed XML.
System.NullReferenceException: Object reference not set to an instance of an object
  at log4net.Util.SystemInfo.GetAppSetting (System.String key) [0x00002] in <e1a77b5dfa0c4a1f8ba616c017f5e0b8>:0 
log4net:ERROR Exception while reading ConfigurationSettings. Check your .config file is well formed XML.
System.NullReferenceException: Object reference not set to an instance of an object
  at log4net.Util.SystemInfo.GetAppSetting (System.String key) [0x00002] in <e1a77b5dfa0c4a1f8ba616c017f5e0b8>:0 
log4net:ERROR Exception while reading ConfigurationSettings. Check your .config file is well formed XML.
System.NullReferenceException: Object reference not set to an instance of an object
  at log4net.Util.SystemInfo.GetAppSetting (System.String key) [0x00002] in <e1a77b5dfa0c4a1f8ba616c017f5e0b8>:0 
log4net:ERROR Exception while reading ConfigurationSettings. Check your .config file is well formed XML.
System.NullReferenceException: Object reference not set to an instance of an object
  at log4net.Util.SystemInfo.GetAppSetting (System.String key) [0x00002] in <e1a77b5dfa0c4a1f8ba616c017f5e0b8>:0 
log4net:ERROR Exception while reading ConfigurationSettings. Check your .config file is well formed XML.
System.NullReferenceException: Object reference not set to an instance of an object
  at log4net.Util.SystemInfo.GetAppSetting (System.String key) [0x00002] in <e1a77b5dfa0c4a1f8ba616c017f5e0b8>:0 
log4net:ERROR Exception while reading ConfigurationSettings. Check your .config file is well formed XML.
System.NullReferenceException: Object reference not set to an instance of an object
  at log4net.Util.SystemInfo.GetAppSetting (System.String key) [0x00002] in <e1a77b5dfa0c4a1f8ba616c017f5e0b8>:0 
Mono: successfully reloaded assembly
- Completed reload, in  2,666 seconds
Domain Reload Profiling:
	ReloadAssembly (2668ms)
		BeginReloadAssembly (302ms)
			ExecutionOrderSort (0ms)
			DisableScriptedObjects (17ms)
			BackupInstance (0ms)
			ReleaseScriptingObjects (0ms)
			CreateAndSetChildDomain (108ms)
		EndReloadAssembly (2085ms)
			LoadAssemblies (156ms)
			RebuildTransferFunctionScriptingTraits (0ms)
			SetupTypeCache (925ms)
			ReleaseScriptCaches (2ms)
			RebuildScriptCaches (130ms)
			SetupLoadedEditorAssemblies (710ms)
				LogAssemblyErrors (0ms)
				InitializePlatformSupportModulesInManaged (36ms)
				SetLoadedEditorAssemblies (1ms)
				RefreshPlugins (2ms)
				BeforeProcessingInitializeOnLoad (159ms)
				ProcessInitializeOnLoadAttributes (408ms)
				ProcessInitializeOnLoadMethodAttributes (86ms)
				AfterProcessingInitializeOnLoad (18ms)
				EditorAssembliesLoaded (1ms)
			ExecutionOrderSort2 (0ms)
			AwakeInstancesAfterBackupRestoration (12ms)
Platform modules already initialized, skipping
Refreshing native plugins compatible for Editor in 3,77 ms, found 0 plugins.
Preloading 0 native plugins for Editor in 0,00 ms.
Unloading 3421 Unused Serialized files (Serialized files now loaded: 0)
Unloading 24 unused Assets / (58,6 KB). Loaded Objects now: 3952.
Memory consumption went from 134,1 MB to 134,1 MB.
Total: 9,773253 ms (FindLiveObjects: 0,550751 ms CreateObjectMapping: 0,341678 ms MarkObjects: 8,222832 ms  DeleteObjects: 0,654527 ms)

AssetImportParameters requested are different than current active one (requested -> active):
  custom:video-decoder-ogg-theora: a1e56fd34408186e4bbccfd4996cb3dc -> 
  custom:container-muxer-webm: aa71ff27fc2769a1b78a27578f13a17b -> 
  custom:container-demuxer-webm: 4f35f7cbe854078d1ac9338744f61a02 -> 
  custom:video-encoder-webm-vp8: eb34c28f22e8b96e1ab97ce403110664 -> 
  custom:audio-encoder-webm-vorbis: bf7c407c2cedff20999df2af8eb42d56 -> 
  custom:container-demuxer-ogg: 62fdf1f143b41e24485cea50d1cbac27 -> 
  custom:video-decoder-webm-vp8: 9c59270c3fd7afecdb556c50c9e8de78 -> 
  custom:audio-decoder-ogg-vorbis: bf7c407c2cedff20999df2af8eb42d56 -> 
========================================================================
Received Import Request.
  Time since last request: 631,010913 seconds.
  path: Assets/ACC_Lite/FBX/World/Road.FBX
  artifactKey: Guid(57867bbaab23bb8458f59a1de575925c) Importer(815301076,1909f56bfc062723c751e8b465ee728b)
Start importing Assets/ACC_Lite/FBX/World/Road.FBX using Guid(57867bbaab23bb8458f59a1de575925c) Importer(815301076,1909f56bfc062723c751e8b465ee728b)  -> (artifact id: '8cca6d22b1854dd14cbb75374777b4ae') in 0,360761 seconds 
========================================================================
Received Prepare
Registering precompiled user dll's ...
Registered in 0,010185 seconds.
Begin MonoManager ReloadAssembly
Symbol file LoadedFromMemory doesn't match image /home/danik/Desktop/Unity/wheel-of-fortune/Library/PackageCache/com.unity.visualscripting@1.7.8/Editor/VisualScripting.Core/Dependencies/YamlDotNet/Unity.VisualScripting.YamlDotNet.dll
Symbol file LoadedFromMemory doesn't match image /home/danik/Desktop/Unity/wheel-of-fortune/Library/PackageCache/com.unity.visualscripting@1.7.8/Editor/VisualScripting.Core/Dependencies/DotNetZip/Unity.VisualScripting.IonicZip.dll
Native extension for LinuxStandalone target not found
Refreshing native plugins compatible for Editor in 1,91 ms, found 0 plugins.
Preloading 0 native plugins for Editor in 0,00 ms.
log4net:ERROR Exception while reading ConfigurationSettings. Check your .config file is well formed XML.
System.NullReferenceException: Object reference not set to an instance of an object
  at log4net.Util.SystemInfo.GetAppSetting (System.String key) [0x00002] in <e1a77b5dfa0c4a1f8ba616c017f5e0b8>:0 
log4net:ERROR Exception while reading ConfigurationSettings. Check your .config file is well formed XML.
System.NullReferenceException: Object reference not set to an instance of an object
  at log4net.Util.SystemInfo.GetAppSetting (System.String key) [0x00002] in <e1a77b5dfa0c4a1f8ba616c017f5e0b8>:0 
log4net:ERROR Exception while reading ConfigurationSettings. Check your .config file is well formed XML.
System.NullReferenceException: Object reference not set to an instance of an object
  at log4net.Util.SystemInfo.GetAppSetting (System.String key) [0x00002] in <e1a77b5dfa0c4a1f8ba616c017f5e0b8>:0 
log4net:ERROR Exception while reading ConfigurationSettings. Check your .config file is well formed XML.
System.NullReferenceException: Object reference not set to an instance of an object
  at log4net.Util.SystemInfo.GetAppSetting (System.String key) [0x00002] in <e1a77b5dfa0c4a1f8ba616c017f5e0b8>:0 
log4net:ERROR Exception while reading ConfigurationSettings. Check your .config file is well formed XML.
System.NullReferenceException: Object reference not set to an instance of an object
  at log4net.Util.SystemInfo.GetAppSetting (System.String key) [0x00002] in <e1a77b5dfa0c4a1f8ba616c017f5e0b8>:0 
log4net:ERROR Exception while reading ConfigurationSettings. Check your .config file is well formed XML.
System.NullReferenceException: Object reference not set to an instance of an object
  at log4net.Util.SystemInfo.GetAppSetting (System.String key) [0x00002] in <e1a77b5dfa0c4a1f8ba616c017f5e0b8>:0 
Mono: successfully reloaded assembly
- Completed reload, in  2,453 seconds
Domain Reload Profiling:
	ReloadAssembly (2455ms)
		BeginReloadAssembly (282ms)
			ExecutionOrderSort (0ms)
			DisableScriptedObjects (15ms)
			BackupInstance (0ms)
			ReleaseScriptingObjects (0ms)
			CreateAndSetChildDomain (104ms)
		EndReloadAssembly (1891ms)
			LoadAssemblies (152ms)
			RebuildTransferFunctionScriptingTraits (0ms)
			SetupTypeCache (763ms)
			ReleaseScriptCaches (3ms)
			RebuildScriptCaches (133ms)
			SetupLoadedEditorAssemblies (694ms)
				LogAssemblyErrors (0ms)
				InitializePlatformSupportModulesInManaged (31ms)
				SetLoadedEditorAssemblies (1ms)
				RefreshPlugins (2ms)
				BeforeProcessingInitializeOnLoad (154ms)
				ProcessInitializeOnLoadAttributes (415ms)
				ProcessInitializeOnLoadMethodAttributes (74ms)
				AfterProcessingInitializeOnLoad (15ms)
				EditorAssembliesLoaded (1ms)
			ExecutionOrderSort2 (0ms)
			AwakeInstancesAfterBackupRestoration (9ms)
Platform modules already initialized, skipping
Refreshing native plugins compatible for Editor in 5,20 ms, found 0 plugins.
Preloading 0 native plugins for Editor in 0,00 ms.
Unloading 3421 Unused Serialized files (Serialized files now loaded: 0)
Unloading 24 unused Assets / (58,7 KB). Loaded Objects now: 3966.
Memory consumption went from 136,5 MB to 136,4 MB.
Total: 10,245604 ms (FindLiveObjects: 0,953720 ms CreateObjectMapping: 0,546712 ms MarkObjects: 8,237769 ms  DeleteObjects: 0,503954 ms)

AssetImportParameters requested are different than current active one (requested -> active):
  custom:video-decoder-ogg-theora: a1e56fd34408186e4bbccfd4996cb3dc -> 
  custom:container-muxer-webm: aa71ff27fc2769a1b78a27578f13a17b -> 
  custom:container-demuxer-webm: 4f35f7cbe854078d1ac9338744f61a02 -> 
  custom:video-encoder-webm-vp8: eb34c28f22e8b96e1ab97ce403110664 -> 
  custom:audio-encoder-webm-vorbis: bf7c407c2cedff20999df2af8eb42d56 -> 
  custom:container-demuxer-ogg: 62fdf1f143b41e24485cea50d1cbac27 -> 
  custom:video-decoder-webm-vp8: 9c59270c3fd7afecdb556c50c9e8de78 -> 
  custom:audio-decoder-ogg-vorbis: bf7c407c2cedff20999df2af8eb42d56 -> 
========================================================================
Received Prepare
Registering precompiled user dll's ...
Registered in 0,014364 seconds.
Begin MonoManager ReloadAssembly
Symbol file LoadedFromMemory doesn't match image /home/danik/Desktop/Unity/wheel-of-fortune/Library/PackageCache/com.unity.visualscripting@1.7.8/Editor/VisualScripting.Core/Dependencies/YamlDotNet/Unity.VisualScripting.YamlDotNet.dll
Symbol file LoadedFromMemory doesn't match image /home/danik/Desktop/Unity/wheel-of-fortune/Library/PackageCache/com.unity.visualscripting@1.7.8/Editor/VisualScripting.Core/Dependencies/DotNetZip/Unity.VisualScripting.IonicZip.dll
Native extension for LinuxStandalone target not found
Refreshing native plugins compatible for Editor in 1,95 ms, found 0 plugins.
Preloading 0 native plugins for Editor in 0,00 ms.
log4net:ERROR Exception while reading ConfigurationSettings. Check your .config file is well formed XML.
System.NullReferenceException: Object reference not set to an instance of an object
  at log4net.Util.SystemInfo.GetAppSetting (System.String key) [0x00002] in <e1a77b5dfa0c4a1f8ba616c017f5e0b8>:0 
log4net:ERROR Exception while reading ConfigurationSettings. Check your .config file is well formed XML.
System.NullReferenceException: Object reference not set to an instance of an object
  at log4net.Util.SystemInfo.GetAppSetting (System.String key) [0x00002] in <e1a77b5dfa0c4a1f8ba616c017f5e0b8>:0 
log4net:ERROR Exception while reading ConfigurationSettings. Check your .config file is well formed XML.
System.NullReferenceException: Object reference not set to an instance of an object
  at log4net.Util.SystemInfo.GetAppSetting (System.String key) [0x00002] in <e1a77b5dfa0c4a1f8ba616c017f5e0b8>:0 
log4net:ERROR Exception while reading ConfigurationSettings. Check your .config file is well formed XML.
System.NullReferenceException: Object reference not set to an instance of an object
  at log4net.Util.SystemInfo.GetAppSetting (System.String key) [0x00002] in <e1a77b5dfa0c4a1f8ba616c017f5e0b8>:0 
log4net:ERROR Exception while reading ConfigurationSettings. Check your .config file is well formed XML.
System.NullReferenceException: Object reference not set to an instance of an object
  at log4net.Util.SystemInfo.GetAppSetting (System.String key) [0x00002] in <e1a77b5dfa0c4a1f8ba616c017f5e0b8>:0 
log4net:ERROR Exception while reading ConfigurationSettings. Check your .config file is well formed XML.
System.NullReferenceException: Object reference not set to an instance of an object
  at log4net.Util.SystemInfo.GetAppSetting (System.String key) [0x00002] in <e1a77b5dfa0c4a1f8ba616c017f5e0b8>:0 
Mono: successfully reloaded assembly
- Completed reload, in  2,668 seconds
Domain Reload Profiling:
	ReloadAssembly (2669ms)
		BeginReloadAssembly (292ms)
			ExecutionOrderSort (0ms)
			DisableScriptedObjects (17ms)
			BackupInstance (0ms)
			ReleaseScriptingObjects (0ms)
			CreateAndSetChildDomain (100ms)
		EndReloadAssembly (2067ms)
			LoadAssemblies (159ms)
			RebuildTransferFunctionScriptingTraits (0ms)
			SetupTypeCache (845ms)
			ReleaseScriptCaches (3ms)
			RebuildScriptCaches (161ms)
			SetupLoadedEditorAssemblies (752ms)
				LogAssemblyErrors (0ms)
				InitializePlatformSupportModulesInManaged (26ms)
				SetLoadedEditorAssemblies (1ms)
				RefreshPlugins (2ms)
				BeforeProcessingInitializeOnLoad (185ms)
				ProcessInitializeOnLoadAttributes (442ms)
				ProcessInitializeOnLoadMethodAttributes (82ms)
				AfterProcessingInitializeOnLoad (12ms)
				EditorAssembliesLoaded (1ms)
			ExecutionOrderSort2 (0ms)
			AwakeInstancesAfterBackupRestoration (9ms)
Platform modules already initialized, skipping
Refreshing native plugins compatible for Editor in 4,47 ms, found 0 plugins.
Preloading 0 native plugins for Editor in 0,00 ms.
Unloading 3421 Unused Serialized files (Serialized files now loaded: 0)
Unloading 24 unused Assets / (58,7 KB). Loaded Objects now: 3969.
Memory consumption went from 136,5 MB to 136,4 MB.
Total: 13,479479 ms (FindLiveObjects: 0,975988 ms CreateObjectMapping: 0,541831 ms MarkObjects: 11,078849 ms  DeleteObjects: 0,878720 ms)

AssetImportParameters requested are different than current active one (requested -> active):
  custom:video-decoder-ogg-theora: a1e56fd34408186e4bbccfd4996cb3dc -> 
  custom:container-muxer-webm: aa71ff27fc2769a1b78a27578f13a17b -> 
  custom:container-demuxer-webm: 4f35f7cbe854078d1ac9338744f61a02 -> 
  custom:video-encoder-webm-vp8: eb34c28f22e8b96e1ab97ce403110664 -> 
  custom:audio-encoder-webm-vorbis: bf7c407c2cedff20999df2af8eb42d56 -> 
  custom:container-demuxer-ogg: 62fdf1f143b41e24485cea50d1cbac27 -> 
  custom:video-decoder-webm-vp8: 9c59270c3fd7afecdb556c50c9e8de78 -> 
  custom:audio-decoder-ogg-vorbis: bf7c407c2cedff20999df2af8eb42d56 -> 
========================================================================
Received Prepare
Registering precompiled user dll's ...
Registered in 0,009334 seconds.
Begin MonoManager ReloadAssembly
Symbol file LoadedFromMemory doesn't match image /home/danik/Desktop/Unity/wheel-of-fortune/Library/PackageCache/com.unity.visualscripting@1.7.8/Editor/VisualScripting.Core/Dependencies/YamlDotNet/Unity.VisualScripting.YamlDotNet.dll
Symbol file LoadedFromMemory doesn't match image /home/danik/Desktop/Unity/wheel-of-fortune/Library/PackageCache/com.unity.visualscripting@1.7.8/Editor/VisualScripting.Core/Dependencies/DotNetZip/Unity.VisualScripting.IonicZip.dll
Native extension for LinuxStandalone target not found
Refreshing native plugins compatible for Editor in 1,36 ms, found 0 plugins.
Preloading 0 native plugins for Editor in 0,00 ms.
log4net:ERROR Exception while reading ConfigurationSettings. Check your .config file is well formed XML.
System.NullReferenceException: Object reference not set to an instance of an object
  at log4net.Util.SystemInfo.GetAppSetting (System.String key) [0x00002] in <e1a77b5dfa0c4a1f8ba616c017f5e0b8>:0 
log4net:ERROR Exception while reading ConfigurationSettings. Check your .config file is well formed XML.
System.NullReferenceException: Object reference not set to an instance of an object
  at log4net.Util.SystemInfo.GetAppSetting (System.String key) [0x00002] in <e1a77b5dfa0c4a1f8ba616c017f5e0b8>:0 
log4net:ERROR Exception while reading ConfigurationSettings. Check your .config file is well formed XML.
System.NullReferenceException: Object reference not set to an instance of an object
  at log4net.Util.SystemInfo.GetAppSetting (System.String key) [0x00002] in <e1a77b5dfa0c4a1f8ba616c017f5e0b8>:0 
log4net:ERROR Exception while reading ConfigurationSettings. Check your .config file is well formed XML.
System.NullReferenceException: Object reference not set to an instance of an object
  at log4net.Util.SystemInfo.GetAppSetting (System.String key) [0x00002] in <e1a77b5dfa0c4a1f8ba616c017f5e0b8>:0 
log4net:ERROR Exception while reading ConfigurationSettings. Check your .config file is well formed XML.
System.NullReferenceException: Object reference not set to an instance of an object
  at log4net.Util.SystemInfo.GetAppSetting (System.String key) [0x00002] in <e1a77b5dfa0c4a1f8ba616c017f5e0b8>:0 
log4net:ERROR Exception while reading ConfigurationSettings. Check your .config file is well formed XML.
System.NullReferenceException: Object reference not set to an instance of an object
  at log4net.Util.SystemInfo.GetAppSetting (System.String key) [0x00002] in <e1a77b5dfa0c4a1f8ba616c017f5e0b8>:0 
Mono: successfully reloaded assembly
- Completed reload, in  2,313 seconds
Domain Reload Profiling:
	ReloadAssembly (2314ms)
		BeginReloadAssembly (294ms)
			ExecutionOrderSort (0ms)
			DisableScriptedObjects (17ms)
			BackupInstance (0ms)
			ReleaseScriptingObjects (0ms)
			CreateAndSetChildDomain (103ms)
		EndReloadAssembly (1710ms)
			LoadAssemblies (155ms)
			RebuildTransferFunctionScriptingTraits (0ms)
			SetupTypeCache (743ms)
			ReleaseScriptCaches (4ms)
			RebuildScriptCaches (124ms)
			SetupLoadedEditorAssemblies (577ms)
				LogAssemblyErrors (0ms)
				InitializePlatformSupportModulesInManaged (22ms)
				SetLoadedEditorAssemblies (1ms)
				RefreshPlugins (1ms)
				BeforeProcessingInitializeOnLoad (137ms)
				ProcessInitializeOnLoadAttributes (341ms)
				ProcessInitializeOnLoadMethodAttributes (62ms)
				AfterProcessingInitializeOnLoad (12ms)
				EditorAssembliesLoaded (1ms)
			ExecutionOrderSort2 (0ms)
			AwakeInstancesAfterBackupRestoration (9ms)
Platform modules already initialized, skipping
Refreshing native plugins compatible for Editor in 5,77 ms, found 0 plugins.
Preloading 0 native plugins for Editor in 0,00 ms.
Unloading 3421 Unused Serialized files (Serialized files now loaded: 0)
Unloading 24 unused Assets / (58,6 KB). Loaded Objects now: 3972.
Memory consumption went from 136,5 MB to 136,5 MB.
Total: 10,453616 ms (FindLiveObjects: 0,938481 ms CreateObjectMapping: 0,393714 ms MarkObjects: 8,432504 ms  DeleteObjects: 0,684777 ms)

AssetImportParameters requested are different than current active one (requested -> active):
  custom:video-decoder-ogg-theora: a1e56fd34408186e4bbccfd4996cb3dc -> 
  custom:container-muxer-webm: aa71ff27fc2769a1b78a27578f13a17b -> 
  custom:container-demuxer-webm: 4f35f7cbe854078d1ac9338744f61a02 -> 
  custom:video-encoder-webm-vp8: eb34c28f22e8b96e1ab97ce403110664 -> 
  custom:audio-encoder-webm-vorbis: bf7c407c2cedff20999df2af8eb42d56 -> 
  custom:container-demuxer-ogg: 62fdf1f143b41e24485cea50d1cbac27 -> 
  custom:video-decoder-webm-vp8: 9c59270c3fd7afecdb556c50c9e8de78 -> 
  custom:audio-decoder-ogg-vorbis: bf7c407c2cedff20999df2af8eb42d56 -> 
